2026-04-24 02:15:11.449 [info] Reading sessions from keychain...
2026-04-24 02:15:11.449 [info] Getting sessions for all scopes...
2026-04-24 02:15:11.576 [info] Got 0 sessions for ...
2026-04-24 02:15:11.576 [info] Getting sessions for all scopes...
2026-04-24 02:15:11.576 [info] Got 0 sessions for ...
2026-04-24 02:15:11.618 [info] Getting sessions for all scopes...
2026-04-24 02:15:11.618 [info] Got 0 sessions for ...
2026-04-24 02:15:11.795 [info] Getting sessions for all scopes...
2026-04-24 02:15:11.795 [info] Got 0 sessions for ...
2026-04-24 02:15:13.034 [info] Getting sessions for all scopes...
2026-04-24 02:15:13.034 [info] Got 0 sessions for ...
2026-04-24 02:16:43.565 [info] Getting sessions for read:user,repo,user:email,workflow...
2026-04-24 02:16:43.565 [info] Got 0 sessions for read:user,repo,user:email,workflow...
2026-04-24 02:16:48.310 [info] Getting sessions for read:user,repo,user:email,workflow...
2026-04-24 02:16:48.310 [info] Got 0 sessions for read:user,repo,user:email,workflow...
2026-04-24 02:16:49.162 [info] Logging in with 'any' account...
2026-04-24 02:16:49.162 [info] Logging in for the following scopes: read:user repo user:email workflow
2026-04-24 02:16:49.189 [info] Trying with local server... (read:user repo user:email workflow)
2026-04-24 02:16:51.613 [info] Exchanging code for token...
2026-04-24 02:16:51.780 [info] Token exchange success!
2026-04-24 02:16:51.781 [info] Getting user info...
2026-04-24 02:16:51.981 [info] Got account info!
2026-04-24 02:16:51.982 [info] Storing 1 sessions...
2026-04-24 02:16:52.107 [info] FetcherService: Node fetch failed with status: 429 Too Many Requests
2026-04-24 02:16:52.107 [info] Unable to resolve optional EDU details. Status: 429 Too Many Requests
2026-04-24 02:16:56.115 [info] Reading sessions from keychain...
2026-04-24 02:16:56.115 [info] Stored 1 sessions!
2026-04-24 02:16:56.115 [info] Login success!
2026-04-24 02:16:56.164 [info] Got stored sessions!
2026-04-24 02:16:56.164 [info] Got 1 verified sessions.
2026-04-24 02:16:56.179 [info] Getting sessions for read:user,repo,user:email,workflow...
2026-04-24 02:16:56.180 [info] Got 1 sessions for read:user,repo,user:email,workflow...
2026-04-24 02:16:56.239 [info] Getting sessions for all scopes...
2026-04-24 02:16:56.239 [info] Got 1 sessions for ...
2026-04-24 02:16:56.240 [info] Getting sessions for all scopes...
2026-04-24 02:16:56.240 [info] Got 1 sessions for ...
2026-04-24 02:16:58.248 [info] Getting sessions for all scopes...
2026-04-24 02:16:58.248 [info] Got 1 sessions for ...
2026-04-24 02:16:58.248 [info] Getting sessions for all scopes...
2026-04-24 02:16:58.248 [info] Got 1 sessions for ...
2026-04-24 02:18:15.606 [info] Getting sessions for all scopes...
2026-04-24 02:18:15.606 [info] Got 1 sessions for ...
2026-04-24 02:18:15.609 [info] Getting sessions for all scopes...
2026-04-24 02:18:15.609 [info] Got 1 sessions for ...
2026-04-24 02:18:50.590 [info] Getting sessions for all scopes...
2026-04-24 02:18:50.590 [info] Got 1 sessions for ...
2026-04-24 02:18:50.590 [info] Getting sessions for all scopes...
2026-04-24 02:18:50.590 [info] Got 1 sessions for ...
2026-04-24 02:26:40.254 [info] Getting sessions for all scopes...
2026-04-24 02:26:40.254 [info] Got 1 sessions for ...
2026-04-24 02:26:40.254 [info] Getting sessions for all scopes...
2026-04-24 02:26:40.254 [info] Got 1 sessions for ...
2026-04-24 02:53:51.156 [info] Getting sessions for all scopes...
2026-04-24 02:53:51.156 [info] Got 1 sessions for ...
2026-04-24 02:53:51.157 [info] Getting sessions for all scopes...
2026-04-24 02:53:51.157 [info] Got 1 sessions for ...
2026-04-24 02:55:20.569 [info] Getting sessions for all scopes...
2026-04-24 02:55:20.569 [info] Got 1 sessions for ...
2026-04-24 02:55:20.569 [info] Getting sessions for all scopes...
2026-04-24 02:55:20.569 [info] Got 1 sessions for ...
2026-04-24 02:56:05.185 [info] Getting sessions for all scopes...
2026-04-24 02:56:05.185 [info] Got 1 sessions for ...
2026-04-24 02:56:05.185 [info] Getting sessions for all scopes...
2026-04-24 02:56:05.185 [info] Got 1 sessions for ...
2026-04-24 02:56:14.101 [info] Getting sessions for all scopes...
2026-04-24 02:56:14.101 [info] Got 1 sessions for ...
2026-04-24 02:56:14.101 [info] Getting sessions for all scopes...
2026-04-24 02:56:14.101 [info] Got 1 sessions for ...
2026-04-24 02:56:30.193 [info] Getting sessions for all scopes...
2026-04-24 02:56:30.193 [info] Got 1 sessions for ...
2026-04-24 02:56:30.194 [info] Getting sessions for all scopes...
2026-04-24 02:56:30.194 [info] Got 1 sessions for ...
2026-04-24 02:57:15.633 [info] Getting sessions for all scopes...
2026-04-24 02:57:15.634 [info] Got 1 sessions for ...
2026-04-24 02:57:15.634 [info] Getting sessions for all scopes...
2026-04-24 02:57:15.634 [info] Got 1 sessions for ...
2026-04-24 02:58:57.005 [info] Getting sessions for all scopes...
2026-04-24 02:58:57.005 [info] Got 1 sessions for ...
2026-04-24 02:58:57.005 [info] Getting sessions for all scopes...
2026-04-24 02:58:57.005 [info] Got 1 sessions for ...
