2026-04-24 02:15:10.925 [info] Extension host with pid 77294 started
2026-04-24 02:15:10.925 [info] Skipping acquiring lock for /home/otter/.config/Code/User/workspaceStorage/b1d9bbdbba16eef924cdacabbc9ad4f8.
2026-04-24 02:15:11.292 [info] ExtensionService#_doActivateExtension vscode.github-authentication, startup: false, activationEvent: 'onAuthenticationRequest:github'
2026-04-24 02:15:11.313 [info] ExtensionService#_doActivateExtension vscode.emmet, startup: false, activationEvent: 'onLanguage'
2026-04-24 02:15:11.326 [info] ExtensionService#_doActivateExtension jnoortheen.nix-ide, startup: false, activationEvent: 'onLanguage:nix'
2026-04-24 02:15:11.611 [info] ExtensionService#_doActivateExtension vscode.git-base, startup: true, activationEvent: '*', root cause: vscode.git
2026-04-24 02:15:11.626 [info] ExtensionService#_doActivateExtension vscode.git, startup: true, activationEvent: '*'
2026-04-24 02:15:11.671 [info] ExtensionService#_doActivateExtension vscode.github, startup: true, activationEvent: '*'
2026-04-24 02:15:11.782 [info] Eager extensions activated
2026-04-24 02:15:11.825 [info] ExtensionService#_doActivateExtension vscode.debug-auto-launch, startup: false, activationEvent: 'onStartupFinished'
2026-04-24 02:15:11.827 [info] ExtensionService#_doActivateExtension vscode.merge-conflict, startup: false, activationEvent: 'onStartupFinished'
2026-04-24 02:15:11.840 [info] ExtensionService#_doActivateExtension PKief.material-icon-theme, startup: false, activationEvent: 'onStartupFinished'
2026-04-24 02:15:11.872 [warning] [Decorations] CAPPING events from decorations provider vscode.git 1251
2026-04-24 02:15:12.153 [warning] [Decorations] CAPPING events from decorations provider vscode.git 1253
2026-04-24 02:15:14.883 [warning] [Decorations] CAPPING events from decorations provider vscode.git 1254
2026-04-24 02:15:15.409 [warning] [Decorations] CAPPING events from decorations provider vscode.git 1254
2026-04-24 02:15:19.533 [info] ExtensionService#_doActivateExtension vscode.terminal-suggest, startup: false, activationEvent: 'onTerminalShellIntegration:*'
2026-04-24 02:15:19.934 [warning] [Decorations] CAPPING events from decorations provider vscode.git 1255
2026-04-24 02:15:24.988 [warning] [Decorations] CAPPING events from decorations provider vscode.git 1276
2026-04-24 02:15:30.039 [warning] [Decorations] CAPPING events from decorations provider vscode.git 1276
2026-04-24 02:15:35.088 [warning] [Decorations] CAPPING events from decorations provider vscode.git 1276
2026-04-24 02:15:40.142 [warning] [Decorations] CAPPING events from decorations provider vscode.git 1276
2026-04-24 02:15:45.186 [warning] [Decorations] CAPPING events from decorations provider vscode.git 1276
2026-04-24 02:15:50.232 [warning] [Decorations] CAPPING events from decorations provider vscode.git 1276
2026-04-24 02:15:54.300 [warning] [Decorations] CAPPING events from decorations provider vscode.git 1276
