2026-04-24 02:14:16.522 [info] Extension host with pid 76260 started
2026-04-24 02:14:16.522 [info] Skipping acquiring lock for /home/otter/.config/Code/User/workspaceStorage/b1d9bbdbba16eef924cdacabbc9ad4f8.
2026-04-24 02:14:16.843 [info] ExtensionService#_doActivateExtension vscode.github-authentication, startup: false, activationEvent: 'onAuthenticationRequest:github'
2026-04-24 02:14:16.864 [info] ExtensionService#_doActivateExtension vscode.emmet, startup: false, activationEvent: 'onLanguage'
2026-04-24 02:14:16.877 [info] ExtensionService#_doActivateExtension jnoortheen.nix-ide, startup: false, activationEvent: 'onLanguage:nix'
2026-04-24 02:14:16.910 [info] ExtensionService#_doActivateExtension vscode.terminal-suggest, startup: false, activationEvent: 'onTerminalShellIntegration:*'
2026-04-24 02:14:17.268 [info] ExtensionService#_doActivateExtension vscode.git-base, startup: true, activationEvent: '*', root cause: vscode.git
2026-04-24 02:14:17.306 [info] ExtensionService#_doActivateExtension vscode.git, startup: true, activationEvent: '*'
2026-04-24 02:14:17.350 [info] ExtensionService#_doActivateExtension vscode.github, startup: true, activationEvent: '*'
2026-04-24 02:14:17.483 [info] Eager extensions activated
2026-04-24 02:14:17.504 [info] ExtensionService#_doActivateExtension vscode.debug-auto-launch, startup: false, activationEvent: 'onStartupFinished'
2026-04-24 02:14:17.505 [info] ExtensionService#_doActivateExtension vscode.merge-conflict, startup: false, activationEvent: 'onStartupFinished'
2026-04-24 02:14:17.520 [info] ExtensionService#_doActivateExtension PKief.material-icon-theme, startup: false, activationEvent: 'onStartupFinished'
2026-04-24 02:14:17.550 [warning] [Decorations] CAPPING events from decorations provider vscode.git 1188
2026-04-24 02:14:17.796 [warning] [Decorations] CAPPING events from decorations provider vscode.git 1190
2026-04-24 02:14:20.611 [warning] [Decorations] CAPPING events from decorations provider vscode.git 1191
2026-04-24 02:14:20.937 [warning] [Decorations] CAPPING events from decorations provider vscode.git 1191
2026-04-24 02:14:25.662 [warning] [Decorations] CAPPING events from decorations provider vscode.git 1192
2026-04-24 02:14:30.715 [warning] [Decorations] CAPPING events from decorations provider vscode.git 1232
2026-04-24 02:14:35.768 [warning] [Decorations] CAPPING events from decorations provider vscode.git 1232
2026-04-24 02:14:40.816 [warning] [Decorations] CAPPING events from decorations provider vscode.git 1232
2026-04-24 02:14:45.868 [warning] [Decorations] CAPPING events from decorations provider vscode.git 1232
2026-04-24 02:14:50.926 [warning] [Decorations] CAPPING events from decorations provider vscode.git 1232
2026-04-24 02:14:55.976 [warning] [Decorations] CAPPING events from decorations provider vscode.git 1233
2026-04-24 02:15:01.026 [warning] [Decorations] CAPPING events from decorations provider vscode.git 1233
2026-04-24 02:15:05.274 [warning] [Decorations] CAPPING events from decorations provider vscode.git 1233
2026-04-24 02:15:06.518 [warning] [Decorations] CAPPING events from decorations provider vscode.git 1233
2026-04-24 02:15:07.391 [info] Extension host terminating: received terminate message from renderer
2026-04-24 02:15:07.402 [error] TypeError: Cannot read properties of undefined (reading 'dispose')
	at B4 (/home/otter/.vscode/extensions/jnoortheen.nix-ide-0.5.5/dist/extension.js:44:46086)
	at Object.yO (/home/otter/.vscode/extensions/jnoortheen.nix-ide-0.5.5/dist/extension.js:44:49262)
	at uP._deactivate (file:///nix/store/dmjhwvjiaycdsnqp31hn930f6il0pkjm-vscode-1.116.0/lib/vscode/resources/app/out/vs/workbench/api/node/extensionHostProcess.js:505:14479)
	at file:///nix/store/dmjhwvjiaycdsnqp31hn930f6il0pkjm-vscode-1.116.0/lib/vscode/resources/app/out/vs/workbench/api/node/extensionHostProcess.js:505:12006
	at Array.map (<anonymous>)
	at uP._deactivateAll (file:///nix/store/dmjhwvjiaycdsnqp31hn930f6il0pkjm-vscode-1.116.0/lib/vscode/resources/app/out/vs/workbench/api/node/extensionHostProcess.js:505:11994)
	at uP.terminate (file:///nix/store/dmjhwvjiaycdsnqp31hn930f6il0pkjm-vscode-1.116.0/lib/vscode/resources/app/out/vs/workbench/api/node/extensionHostProcess.js:505:12345)
	at i.terminate (file:///nix/store/dmjhwvjiaycdsnqp31hn930f6il0pkjm-vscode-1.116.0/lib/vscode/resources/app/out/vs/workbench/api/node/extensionHostProcess.js:507:1072)
	at js (file:///nix/store/dmjhwvjiaycdsnqp31hn930f6il0pkjm-vscode-1.116.0/lib/vscode/resources/app/out/vs/workbench/api/node/extensionHostProcess.js:831:11700)
	at rp.value (file:///nix/store/dmjhwvjiaycdsnqp31hn930f6il0pkjm-vscode-1.116.0/lib/vscode/resources/app/out/vs/workbench/api/node/extensionHostProcess.js:831:9847)
	at E._deliver (file:///nix/store/dmjhwvjiaycdsnqp31hn930f6il0pkjm-vscode-1.116.0/lib/vscode/resources/app/out/vs/workbench/api/node/extensionHostProcess.js:403:3043)
	at E.fire (file:///nix/store/dmjhwvjiaycdsnqp31hn930f6il0pkjm-vscode-1.116.0/lib/vscode/resources/app/out/vs/workbench/api/node/extensionHostProcess.js:403:3361)
	at as.fire (file:///nix/store/dmjhwvjiaycdsnqp31hn930f6il0pkjm-vscode-1.116.0/lib/vscode/resources/app/out/vs/workbench/api/node/extensionHostProcess.js:405:8437)
	at MessagePortMain.<anonymous> (file:///nix/store/dmjhwvjiaycdsnqp31hn930f6il0pkjm-vscode-1.116.0/lib/vscode/resources/app/out/vs/workbench/api/node/extensionHostProcess.js:831:8082)
	at MessagePortMain.emit (node:events:519:28)
	at MessagePortMain._internalPort.emit (node:electron/js2c/utility_init:2:2959)
2026-04-24 02:15:07.402 [info] Extension host with pid 76260 exiting with code 0
