2026-04-24 02:15:11.795 [info] [main] Log level: Info
2026-04-24 02:15:11.795 [info] [main] Validating found git in: "git"
2026-04-24 02:15:11.795 [info] [main] Using git "2.53.0" from "git"
2026-04-24 02:15:11.795 [info] [Model][doInitialScan] Initial repository scan started
2026-04-24 02:15:11.795 [info] > git rev-parse --show-toplevel [6ms]
2026-04-24 02:15:11.795 [info] > git rev-parse --git-dir --git-common-dir --show-superproject-working-tree [2ms]
2026-04-24 02:15:11.795 [info] [Model][openRepository] Opened repository (path): /home/otter/.config
2026-04-24 02:15:11.795 [info] [Model][openRepository] Opened repository (real path): /home/otter/.config
2026-04-24 02:15:11.795 [info] [Model][openRepository] Opened repository (kind): repository
2026-04-24 02:15:11.805 [info] > git config --get commit.template [6ms]
2026-04-24 02:15:11.806 [info] > git rev-parse --show-toplevel [2ms]
2026-04-24 02:15:11.811 [info] [Git][getRemotes] No remotes found in the git config file
2026-04-24 02:15:11.816 [info] > git for-each-ref --format=%(refname)%00%(upstream:short)%00%(objectname)%00%(upstream:track)%00%(upstream:remotename)%00%(upstream:remoteref) refs/heads/main refs/remotes/main [6ms]
2026-04-24 02:15:11.816 [warning] [Git][getBranch] No such branch: main
2026-04-24 02:15:11.854 [info] > git status -z -uall [34ms]
2026-04-24 02:15:11.854 [info] > git for-each-ref --sort -committerdate --format %(refname)%00%(objectname)%00%(*objectname) [29ms]
2026-04-24 02:15:11.882 [info] > git rev-parse --show-toplevel [66ms]
2026-04-24 02:15:11.894 [info] > git for-each-ref --format=%(refname)%00%(upstream:short)%00%(objectname)%00%(upstream:track)%00%(upstream:remotename)%00%(upstream:remoteref) refs/heads/main refs/remotes/main [14ms]
2026-04-24 02:15:11.894 [warning] [Git][getBranch] No such branch: main
2026-04-24 02:15:11.894 [error] [GitHistoryProvider][resolveHEADMergeBase] Failed to resolve merge base for main: Error: No such branch: main.
2026-04-24 02:15:12.052 [info] > git rev-parse --show-toplevel [159ms]
2026-04-24 02:15:12.052 [info] > git config --get commit.template [163ms]
2026-04-24 02:15:12.104 [info] [Git][getRemotes] No remotes found in the git config file
2026-04-24 02:15:12.105 [info] > git rev-parse --show-toplevel [8ms]
2026-04-24 02:15:12.105 [info] > git log --format=%H%n%aN%n%aE%n%at%n%ct%n%P%n%D%n%B -z --shortstat --diff-merges=first-parent -n50 --skip=0 --topo-order --decorate=full --stdin [27ms]
2026-04-24 02:15:12.105 [info] fatal: bad revision 'refs/heads/main'
2026-04-24 02:15:12.105 [error] [GitHistoryProvider][provideHistoryItems] Failed to get history items with options '{"historyItemRefs":["refs/heads/main"],"limit":50,"skip":0}': Failed to execute git {
  "exitCode": 128,
  "gitCommand": "log",
  "stdout": "",
  "stderr": "fatal: bad revision 'refs/heads/main'\n"
}
2026-04-24 02:15:12.111 [info] > git for-each-ref --format=%(refname)%00%(upstream:short)%00%(objectname)%00%(upstream:track)%00%(upstream:remotename)%00%(upstream:remoteref) refs/heads/main refs/remotes/main [7ms]
2026-04-24 02:15:12.111 [warning] [Git][getBranch] No such branch: main
2026-04-24 02:15:12.121 [info] > git rev-parse --show-toplevel [11ms]
2026-04-24 02:15:12.126 [info] > git for-each-ref --sort -committerdate --format %(refname)%00%(objectname)%00%(*objectname) [6ms]
2026-04-24 02:15:12.127 [info] > git rev-parse --show-toplevel [1ms]
2026-04-24 02:15:12.133 [info] > git rev-parse --show-toplevel [1ms]
2026-04-24 02:15:12.139 [info] > git status -z -uall [23ms]
2026-04-24 02:15:12.156 [info] > git rev-parse --show-toplevel [18ms]
2026-04-24 02:15:12.162 [info] > git rev-parse --show-toplevel [1ms]
2026-04-24 02:15:12.167 [info] > git rev-parse --show-toplevel [1ms]
2026-04-24 02:15:12.173 [info] > git rev-parse --show-toplevel [1ms]
2026-04-24 02:15:12.179 [info] > git rev-parse --show-toplevel [1ms]
2026-04-24 02:15:12.185 [info] > git rev-parse --show-toplevel [1ms]
2026-04-24 02:15:12.192 [info] > git rev-parse --show-toplevel [1ms]
2026-04-24 02:15:12.198 [info] > git rev-parse --show-toplevel [1ms]
2026-04-24 02:15:12.205 [info] > git rev-parse --show-toplevel [2ms]
2026-04-24 02:15:12.217 [info] > git check-ignore -v -z --stdin [2ms]
2026-04-24 02:15:12.217 [info] > git rev-parse --show-toplevel [8ms]
2026-04-24 02:15:12.223 [info] > git rev-parse --show-toplevel [1ms]
2026-04-24 02:15:12.230 [info] > git rev-parse --show-toplevel [2ms]
2026-04-24 02:15:12.236 [info] > git rev-parse --show-toplevel [1ms]
2026-04-24 02:15:12.242 [info] > git rev-parse --show-toplevel [1ms]
2026-04-24 02:15:12.373 [info] > git rev-parse --show-toplevel [127ms]
2026-04-24 02:15:12.375 [info] [Model][doInitialScan] Initial repository scan completed - repositories (1), closed repositories (0), parent repositories (0), unsafe repositories (0)
2026-04-24 02:15:12.400 [info] > git show --textconv :nixos/home.nix [20ms]
2026-04-24 02:15:12.400 [info] > git show --textconv HEAD:nixos/home.nix [15ms]
2026-04-24 02:15:12.400 [info] > git ls-tree -l HEAD -- nixos/home.nix [5ms]
2026-04-24 02:15:12.400 [info] fatal: Not a valid object name HEAD
2026-04-24 02:15:12.405 [info] > git ls-files --stage -- nixos/home.nix [15ms]
2026-04-24 02:15:12.415 [info] > git cat-file -s 8a3ba7d75415880de24847aed25a83847ebf6416 [5ms]
2026-04-24 02:15:12.416 [info] > git hash-object -t tree /dev/null [11ms]
2026-04-24 02:15:12.416 [warning] [GitFileSystemProvider][stat] File not found - git:/home/otter/.config/nixos/home.nix.git?%7B%22path%22%3A%22%2Fhome%2Fotter%2F.config%2Fnixos%2Fhome.nix%22%2C%22ref%22%3A%22HEAD%22%7D
2026-04-24 02:15:12.416 [info] > git hash-object -t tree /dev/null [1ms]
2026-04-24 02:15:12.416 [warning] [GitFileSystemProvider][readFile] File not found - git:/home/otter/.config/nixos/home.nix.git?%7B%22path%22%3A%22%2Fhome%2Fotter%2F.config%2Fnixos%2Fhome.nix%22%2C%22ref%22%3A%22HEAD%22%7D
2026-04-24 02:15:12.500 [info] > git check-ignore -v -z --stdin [2ms]
2026-04-24 02:15:12.595 [info] > git check-ignore -v -z --stdin [3ms]
2026-04-24 02:15:12.700 [info] > git check-ignore -v -z --stdin [2ms]
2026-04-24 02:15:14.844 [info] [Git][getRemotes] No remotes found in the git config file
2026-04-24 02:15:14.844 [info] > git config --get commit.template [6ms]
2026-04-24 02:15:14.845 [info] > git for-each-ref --format=%(refname)%00%(upstream:short)%00%(objectname)%00%(upstream:track)%00%(upstream:remotename)%00%(upstream:remoteref) refs/heads/main refs/remotes/main [1ms]
2026-04-24 02:15:14.845 [warning] [Git][getBranch] No such branch: main
2026-04-24 02:15:14.855 [info] > git for-each-ref --sort -committerdate --format %(refname)%00%(objectname)%00%(*objectname) [1ms]
2026-04-24 02:15:14.874 [info] > git status -z -uall [25ms]
2026-04-24 02:15:15.349 [info] > git -c user.useConfigOnly=true commit --quiet --allow-empty-message --file - [22ms]
2026-04-24 02:15:15.349 [info] Author identity unknown

*** Please tell me who you are.

Run

  git config --global user.email "you@example.com"
  git config --global user.name "Your Name"

to set your account's default identity.
Omit --global to set the identity only in this repository.

fatal: no email was given and auto-detection is disabled
2026-04-24 02:15:15.356 [info] > git config --get-all user.name [2ms]
2026-04-24 02:15:15.363 [info] > git config --get commit.template [2ms]
2026-04-24 02:15:15.369 [info] [Git][getRemotes] No remotes found in the git config file
2026-04-24 02:15:15.370 [info] > git for-each-ref --format=%(refname)%00%(upstream:short)%00%(objectname)%00%(upstream:track)%00%(upstream:remotename)%00%(upstream:remoteref) refs/heads/main refs/remotes/main [1ms]
2026-04-24 02:15:15.370 [warning] [Git][getBranch] No such branch: main
2026-04-24 02:15:15.382 [info] > git for-each-ref --sort -committerdate --format %(refname)%00%(objectname)%00%(*objectname) [1ms]
2026-04-24 02:15:15.398 [info] > git status -z -uall [22ms]
2026-04-24 02:15:15.477 [info] > git check-ignore -v -z --stdin [2ms]
2026-04-24 02:15:15.838 [info] > git check-ignore -v -z --stdin [2ms]
2026-04-24 02:15:16.790 [info] > git ls-files --stage -- nixos/home.nix [1ms]
2026-04-24 02:15:16.797 [info] > git cat-file -s 8a3ba7d75415880de24847aed25a83847ebf6416 [1ms]
2026-04-24 02:15:16.804 [info] > git show --textconv :nixos/home.nix [2ms]
2026-04-24 02:15:19.896 [info] [Git][getRemotes] No remotes found in the git config file
2026-04-24 02:15:19.897 [info] > git config --get commit.template [6ms]
2026-04-24 02:15:19.897 [info] > git for-each-ref --format=%(refname)%00%(upstream:short)%00%(objectname)%00%(upstream:track)%00%(upstream:remotename)%00%(upstream:remoteref) refs/heads/main refs/remotes/main [1ms]
2026-04-24 02:15:19.897 [warning] [Git][getBranch] No such branch: main
2026-04-24 02:15:19.907 [info] > git for-each-ref --sort -committerdate --format %(refname)%00%(objectname)%00%(*objectname) [1ms]
2026-04-24 02:15:19.924 [info] > git status -z -uall [22ms]
2026-04-24 02:15:20.364 [info] > git check-ignore -v -z --stdin [1ms]
2026-04-24 02:15:24.948 [info] [Git][getRemotes] No remotes found in the git config file
2026-04-24 02:15:24.949 [info] > git config --get commit.template [6ms]
2026-04-24 02:15:24.949 [info] > git for-each-ref --format=%(refname)%00%(upstream:short)%00%(objectname)%00%(upstream:track)%00%(upstream:remotename)%00%(upstream:remoteref) refs/heads/main refs/remotes/main [1ms]
2026-04-24 02:15:24.949 [warning] [Git][getBranch] No such branch: main
2026-04-24 02:15:24.960 [info] > git for-each-ref --sort -committerdate --format %(refname)%00%(objectname)%00%(*objectname) [1ms]
2026-04-24 02:15:24.977 [info] > git status -z -uall [23ms]
2026-04-24 02:15:25.410 [info] > git check-ignore -v -z --stdin [1ms]
2026-04-24 02:15:30.002 [info] [Git][getRemotes] No remotes found in the git config file
2026-04-24 02:15:30.003 [info] > git config --get commit.template [6ms]
2026-04-24 02:15:30.003 [info] > git for-each-ref --format=%(refname)%00%(upstream:short)%00%(objectname)%00%(upstream:track)%00%(upstream:remotename)%00%(upstream:remoteref) refs/heads/main refs/remotes/main [1ms]
2026-04-24 02:15:30.003 [warning] [Git][getBranch] No such branch: main
2026-04-24 02:15:30.015 [info] > git for-each-ref --sort -committerdate --format %(refname)%00%(objectname)%00%(*objectname) [2ms]
2026-04-24 02:15:30.031 [info] > git status -z -uall [23ms]
2026-04-24 02:15:30.462 [info] > git check-ignore -v -z --stdin [2ms]
2026-04-24 02:15:35.052 [info] [Git][getRemotes] No remotes found in the git config file
2026-04-24 02:15:35.053 [info] > git config --get commit.template [6ms]
2026-04-24 02:15:35.053 [info] > git for-each-ref --format=%(refname)%00%(upstream:short)%00%(objectname)%00%(upstream:track)%00%(upstream:remotename)%00%(upstream:remoteref) refs/heads/main refs/remotes/main [1ms]
2026-04-24 02:15:35.053 [warning] [Git][getBranch] No such branch: main
2026-04-24 02:15:35.063 [info] > git for-each-ref --sort -committerdate --format %(refname)%00%(objectname)%00%(*objectname) [1ms]
2026-04-24 02:15:35.080 [info] > git status -z -uall [22ms]
2026-04-24 02:15:35.505 [info] > git check-ignore -v -z --stdin [1ms]
2026-04-24 02:15:40.099 [info] > git config --get commit.template [1ms]
2026-04-24 02:15:40.105 [info] [Git][getRemotes] No remotes found in the git config file
2026-04-24 02:15:40.106 [info] > git for-each-ref --format=%(refname)%00%(upstream:short)%00%(objectname)%00%(upstream:track)%00%(upstream:remotename)%00%(upstream:remoteref) refs/heads/main refs/remotes/main [1ms]
2026-04-24 02:15:40.106 [warning] [Git][getBranch] No such branch: main
2026-04-24 02:15:40.118 [info] > git for-each-ref --sort -committerdate --format %(refname)%00%(objectname)%00%(*objectname) [1ms]
2026-04-24 02:15:40.133 [info] > git status -z -uall [22ms]
2026-04-24 02:15:40.560 [info] > git check-ignore -v -z --stdin [2ms]
2026-04-24 02:15:45.150 [info] [Git][getRemotes] No remotes found in the git config file
2026-04-24 02:15:45.155 [info] > git config --get commit.template [6ms]
2026-04-24 02:15:45.156 [info] > git for-each-ref --format=%(refname)%00%(upstream:short)%00%(objectname)%00%(upstream:track)%00%(upstream:remotename)%00%(upstream:remoteref) refs/heads/main refs/remotes/main [1ms]
2026-04-24 02:15:45.156 [warning] [Git][getBranch] No such branch: main
2026-04-24 02:15:45.167 [info] > git for-each-ref --sort -committerdate --format %(refname)%00%(objectname)%00%(*objectname) [1ms]
2026-04-24 02:15:45.178 [info] > git status -z -uall [17ms]
2026-04-24 02:15:45.602 [info] > git check-ignore -v -z --stdin [1ms]
2026-04-24 02:15:50.196 [info] [Git][getRemotes] No remotes found in the git config file
2026-04-24 02:15:50.201 [info] > git config --get commit.template [6ms]
2026-04-24 02:15:50.202 [info] > git for-each-ref --format=%(refname)%00%(upstream:short)%00%(objectname)%00%(upstream:track)%00%(upstream:remotename)%00%(upstream:remoteref) refs/heads/main refs/remotes/main [1ms]
2026-04-24 02:15:50.202 [warning] [Git][getBranch] No such branch: main
2026-04-24 02:15:50.212 [info] > git for-each-ref --sort -committerdate --format %(refname)%00%(objectname)%00%(*objectname) [1ms]
2026-04-24 02:15:50.224 [info] > git status -z -uall [18ms]
2026-04-24 02:15:50.648 [info] > git check-ignore -v -z --stdin [4ms]
2026-04-24 02:15:54.253 [info] > git -c user.useConfigOnly=true commit --quiet --allow-empty-message --file - [20ms]
2026-04-24 02:15:54.259 [info] > git config --get commit.template [1ms]
2026-04-24 02:15:54.268 [info] > git config --get commit.template [1ms]
2026-04-24 02:15:54.273 [info] [Git][getRemotes] No remotes found in the git config file
2026-04-24 02:15:54.274 [info] > git for-each-ref --format=%(refname)%00%(upstream:short)%00%(objectname)%00%(upstream:track)%00%(upstream:remotename)%00%(upstream:remoteref) refs/heads/main refs/remotes/main [1ms]
2026-04-24 02:15:54.285 [info] > git for-each-ref --sort -committerdate --format %(refname)%00%(objectname)%00%(*objectname) [1ms]
2026-04-24 02:15:54.296 [info] > git status -z -uall [17ms]
2026-04-24 02:15:54.321 [info] > git blame --root --incremental 356faa156934e1d2d2202eb9b2db3cff54dd7c56 -- nixos/home.nix [2ms]
2026-04-24 02:15:54.563 [info] > git log --format=%H%n%aN%n%aE%n%at%n%ct%n%P%n%D%n%B -z --shortstat --diff-merges=first-parent -n50 --skip=0 --topo-order --decorate=full --stdin [251ms]
2026-04-24 02:15:54.666 [info] > git check-ignore -v -z --stdin [1ms]
2026-04-24 02:15:54.968 [info] > git check-ignore -v -z --stdin [2ms]
2026-04-24 02:15:55.570 [info] > git ls-files --stage -- nixos/home.nix [1ms]
2026-04-24 02:15:55.576 [info] > git cat-file -s 8a3ba7d75415880de24847aed25a83847ebf6416 [1ms]
2026-04-24 02:15:55.583 [info] > git show --textconv :nixos/home.nix [2ms]
2026-04-24 02:16:30.154 [info] > git ls-files --stage -- nixos/home.nix [2ms]
2026-04-24 02:16:30.159 [info] > git cat-file -s 8a3ba7d75415880de24847aed25a83847ebf6416 [1ms]
2026-04-24 02:16:30.166 [info] > git show --textconv :nixos/home.nix [1ms]
2026-04-24 02:16:31.761 [info] > git config --get commit.template [6ms]
2026-04-24 02:16:31.761 [info] > git for-each-ref --format=%(refname)%00%(upstream:short)%00%(objectname)%00%(upstream:track)%00%(upstream:remotename)%00%(upstream:remoteref) refs/heads/main refs/remotes/main [1ms]
2026-04-24 02:16:31.772 [info] > git for-each-ref --sort -committerdate --format %(refname)%00%(objectname)%00%(*objectname) [2ms]
2026-04-24 02:16:31.783 [info] > git status -z -uall [17ms]
2026-04-24 02:16:32.105 [info] > git check-ignore -v -z --stdin [2ms]
2026-04-24 02:16:33.040 [info] > git ls-files --stage -- nixos/home.nix [1ms]
2026-04-24 02:16:33.046 [info] > git cat-file -s 8a3ba7d75415880de24847aed25a83847ebf6416 [1ms]
2026-04-24 02:16:33.053 [info] > git show --textconv :nixos/home.nix [1ms]
2026-04-24 02:16:43.234 [info] > git add -A -- . [51ms]
2026-04-24 02:16:43.249 [info] > git -c user.useConfigOnly=true commit --quiet --allow-empty-message --file - [10ms]
2026-04-24 02:16:43.255 [info] > git config --get commit.template [1ms]
2026-04-24 02:16:43.266 [info] > git config --get commit.template [5ms]
2026-04-24 02:16:43.267 [info] > git for-each-ref --format=%(refname)%00%(upstream:short)%00%(objectname)%00%(upstream:track)%00%(upstream:remotename)%00%(upstream:remoteref) refs/heads/main refs/remotes/main [1ms]
2026-04-24 02:16:43.278 [info] > git status -z -uall [6ms]
2026-04-24 02:16:43.278 [info] > git for-each-ref --sort -committerdate --format %(refname)%00%(objectname)%00%(*objectname) [2ms]
2026-04-24 02:16:43.291 [info] > git blame --root --incremental a21da662a443747c33fef8ebeb10e492fe9865d7 -- nixos/home.nix [7ms]
2026-04-24 02:16:43.292 [info] > git push [2ms]
2026-04-24 02:16:43.292 [info] fatal: The current branch main has no upstream branch.
To push the current branch and set the remote as upstream, use

    git push --set-upstream origin main

To have this happen automatically for branches without a tracking
upstream, see 'push.autoSetupRemote' in 'git help config'.
2026-04-24 02:16:43.303 [info] > git config --get commit.template [6ms]
2026-04-24 02:16:43.309 [info] > git for-each-ref --format=%(refname)%00%(upstream:short)%00%(objectname)%00%(upstream:track)%00%(upstream:remotename)%00%(upstream:remoteref) refs/heads/main refs/remotes/main [1ms]
2026-04-24 02:16:43.320 [info] > git status -z -uall [6ms]
2026-04-24 02:16:43.320 [info] > git for-each-ref --sort -committerdate --format %(refname)%00%(objectname)%00%(*objectname) [1ms]
2026-04-24 02:16:43.563 [info] > git log --format=%H%n%aN%n%aE%n%at%n%ct%n%P%n%D%n%B -z --shortstat --diff-merges=first-parent -n50 --skip=0 --topo-order --decorate=full --stdin [260ms]
2026-04-24 02:16:43.630 [info] > git check-ignore -v -z --stdin [1ms]
2026-04-24 02:16:43.941 [info] > git check-ignore -v -z --stdin [1ms]
2026-04-24 02:16:44.557 [info] > git ls-files --stage -- nixos/home.nix [1ms]
2026-04-24 02:16:44.563 [info] > git cat-file -s c8e6d5045e7dea3eb44adc8f8b7e0c846aa6d962 [1ms]
2026-04-24 02:16:44.571 [info] > git show --textconv :nixos/home.nix [2ms]
2026-04-24 02:16:44.780 [info] > git check-ignore -v -z --stdin [2ms]
2026-04-24 02:17:02.351 [info] > git push -u origin main [14258ms]
2026-04-24 02:17:02.351 [info] To https://github.com/Salmontree/dots.git
 * [new branch]      main -> main
2026-04-24 02:17:02.363 [info] > git config --get commit.template [6ms]
2026-04-24 02:17:02.363 [info] > git for-each-ref --format=%(refname)%00%(upstream:short)%00%(objectname)%00%(upstream:track)%00%(upstream:remotename)%00%(upstream:remoteref) refs/heads/main refs/remotes/main [1ms]
2026-04-24 02:17:02.375 [info] > git for-each-ref --sort -committerdate --format %(refname)%00%(objectname)%00%(*objectname) [1ms]
2026-04-24 02:17:02.379 [info] > git status -z -uall [11ms]
2026-04-24 02:17:02.389 [info] > git merge-base refs/heads/main refs/remotes/origin/main [2ms]
2026-04-24 02:17:02.408 [info] > git diff --raw --numstat --diff-filter=ADMR -z --find-renames=50% a21da662a443747c33fef8ebeb10e492fe9865d7...refs/remotes/origin/main -- [13ms]
2026-04-24 02:17:02.409 [info] > git config --get commit.template [1ms]
2026-04-24 02:17:02.416 [info] > git for-each-ref --format=%(refname)%00%(upstream:short)%00%(objectname)%00%(upstream:track)%00%(upstream:remotename)%00%(upstream:remoteref) refs/heads/main refs/remotes/main [2ms]
2026-04-24 02:17:02.428 [info] > git for-each-ref --sort -committerdate --format %(refname)%00%(objectname)%00%(*objectname) [2ms]
2026-04-24 02:17:02.433 [info] > git status -z -uall [11ms]
2026-04-24 02:17:02.446 [info] > git config --get commit.template [6ms]
2026-04-24 02:17:02.447 [info] > git for-each-ref --format=%(refname)%00%(upstream:short)%00%(objectname)%00%(upstream:track)%00%(upstream:remotename)%00%(upstream:remoteref) refs/heads/main refs/remotes/main [1ms]
2026-04-24 02:17:02.459 [info] > git for-each-ref --sort -committerdate --format %(refname)%00%(objectname)%00%(*objectname) [1ms]
2026-04-24 02:17:02.464 [info] > git status -z -uall [12ms]
2026-04-24 02:17:02.654 [info] > git log --format=%H%n%aN%n%aE%n%at%n%ct%n%P%n%D%n%B -z --shortstat --diff-merges=first-parent -n50 --skip=0 --topo-order --decorate=full --stdin [253ms]
2026-04-24 02:17:02.774 [info] > git check-ignore -v -z --stdin [2ms]
2026-04-24 02:17:03.021 [info] > git merge-base main origin/main [1ms]
2026-04-24 02:17:03.094 [info] > git check-ignore -v -z --stdin [1ms]
2026-04-24 02:17:03.713 [info] > git ls-files --stage -- nixos/home.nix [1ms]
2026-04-24 02:17:03.720 [info] > git cat-file -s c8e6d5045e7dea3eb44adc8f8b7e0c846aa6d962 [1ms]
2026-04-24 02:17:03.728 [info] > git show --textconv :nixos/home.nix [2ms]
2026-04-24 02:17:07.479 [info] > git config --get commit.template [6ms]
2026-04-24 02:17:07.480 [info] > git for-each-ref --format=%(refname)%00%(upstream:short)%00%(objectname)%00%(upstream:track)%00%(upstream:remotename)%00%(upstream:remoteref) refs/heads/main refs/remotes/main [1ms]
2026-04-24 02:17:07.492 [info] > git for-each-ref --sort -committerdate --format %(refname)%00%(objectname)%00%(*objectname) [1ms]
2026-04-24 02:17:07.497 [info] > git status -z -uall [11ms]
2026-04-24 02:17:07.806 [info] > git check-ignore -v -z --stdin [1ms]
2026-04-24 02:17:08.125 [info] > git check-ignore -v -z --stdin [2ms]
2026-04-24 02:17:12.512 [info] > git config --get commit.template [6ms]
2026-04-24 02:17:12.513 [info] > git for-each-ref --format=%(refname)%00%(upstream:short)%00%(objectname)%00%(upstream:track)%00%(upstream:remotename)%00%(upstream:remoteref) refs/heads/main refs/remotes/main [1ms]
2026-04-24 02:17:12.525 [info] > git for-each-ref --sort -committerdate --format %(refname)%00%(objectname)%00%(*objectname) [1ms]
2026-04-24 02:17:12.529 [info] > git status -z -uall [11ms]
2026-04-24 02:17:12.838 [info] > git check-ignore -v -z --stdin [1ms]
2026-04-24 02:17:14.125 [info] > git check-ignore -v -z --stdin [2ms]
2026-04-24 02:18:15.520 [info] > git config --get commit.template [7ms]
2026-04-24 02:18:15.521 [info] > git for-each-ref --format=%(refname)%00%(upstream:short)%00%(objectname)%00%(upstream:track)%00%(upstream:remotename)%00%(upstream:remoteref) refs/heads/main refs/remotes/main [1ms]
2026-04-24 02:18:15.533 [info] > git for-each-ref --sort -committerdate --format %(refname)%00%(objectname)%00%(*objectname) [2ms]
2026-04-24 02:18:15.537 [info] > git status -z -uall [12ms]
2026-04-24 02:18:15.846 [info] > git check-ignore -v -z --stdin [1ms]
2026-04-24 02:18:50.500 [info] > git config --get commit.template [5ms]
2026-04-24 02:18:50.500 [info] > git for-each-ref --format=%(refname)%00%(upstream:short)%00%(objectname)%00%(upstream:track)%00%(upstream:remotename)%00%(upstream:remoteref) refs/heads/main refs/remotes/main [1ms]
2026-04-24 02:18:50.510 [info] > git for-each-ref --sort -committerdate --format %(refname)%00%(objectname)%00%(*objectname) [2ms]
2026-04-24 02:18:50.515 [info] > git status -z -uall [11ms]
2026-04-24 02:18:50.825 [info] > git check-ignore -v -z --stdin [1ms]
2026-04-24 02:18:55.531 [info] > git config --get commit.template [6ms]
2026-04-24 02:18:55.532 [info] > git for-each-ref --format=%(refname)%00%(upstream:short)%00%(objectname)%00%(upstream:track)%00%(upstream:remotename)%00%(upstream:remoteref) refs/heads/main refs/remotes/main [1ms]
2026-04-24 02:18:55.544 [info] > git for-each-ref --sort -committerdate --format %(refname)%00%(objectname)%00%(*objectname) [1ms]
2026-04-24 02:18:55.548 [info] > git status -z -uall [11ms]
2026-04-24 02:18:55.857 [info] > git check-ignore -v -z --stdin [1ms]
2026-04-24 02:19:00.565 [info] > git config --get commit.template [5ms]
2026-04-24 02:19:00.566 [info] > git for-each-ref --format=%(refname)%00%(upstream:short)%00%(objectname)%00%(upstream:track)%00%(upstream:remotename)%00%(upstream:remoteref) refs/heads/main refs/remotes/main [1ms]
2026-04-24 02:19:00.577 [info] > git for-each-ref --sort -committerdate --format %(refname)%00%(objectname)%00%(*objectname) [1ms]
2026-04-24 02:19:00.582 [info] > git status -z -uall [11ms]
2026-04-24 02:19:00.891 [info] > git check-ignore -v -z --stdin [2ms]
2026-04-24 02:19:05.598 [info] > git config --get commit.template [5ms]
2026-04-24 02:19:05.599 [info] > git for-each-ref --format=%(refname)%00%(upstream:short)%00%(objectname)%00%(upstream:track)%00%(upstream:remotename)%00%(upstream:remoteref) refs/heads/main refs/remotes/main [1ms]
2026-04-24 02:19:05.610 [info] > git for-each-ref --sort -committerdate --format %(refname)%00%(objectname)%00%(*objectname) [1ms]
2026-04-24 02:19:05.615 [info] > git status -z -uall [11ms]
2026-04-24 02:19:05.924 [info] > git check-ignore -v -z --stdin [1ms]
2026-04-24 02:19:12.901 [info] > git config --get commit.template [6ms]
2026-04-24 02:19:12.901 [info] > git for-each-ref --format=%(refname)%00%(upstream:short)%00%(objectname)%00%(upstream:track)%00%(upstream:remotename)%00%(upstream:remoteref) refs/heads/main refs/remotes/main [1ms]
2026-04-24 02:19:12.912 [info] > git for-each-ref --sort -committerdate --format %(refname)%00%(objectname)%00%(*objectname) [1ms]
2026-04-24 02:19:12.917 [info] > git status -z -uall [11ms]
2026-04-24 02:19:13.227 [info] > git check-ignore -v -z --stdin [2ms]
2026-04-24 02:19:20.956 [info] > git config --get commit.template [5ms]
2026-04-24 02:19:20.957 [info] > git for-each-ref --format=%(refname)%00%(upstream:short)%00%(objectname)%00%(upstream:track)%00%(upstream:remotename)%00%(upstream:remoteref) refs/heads/main refs/remotes/main [1ms]
2026-04-24 02:19:20.967 [info] > git for-each-ref --sort -committerdate --format %(refname)%00%(objectname)%00%(*objectname) [1ms]
2026-04-24 02:19:20.973 [info] > git status -z -uall [11ms]
2026-04-24 02:19:21.283 [info] > git check-ignore -v -z --stdin [2ms]
2026-04-24 02:19:42.899 [info] > git config --get commit.template [5ms]
2026-04-24 02:19:42.900 [info] > git for-each-ref --format=%(refname)%00%(upstream:short)%00%(objectname)%00%(upstream:track)%00%(upstream:remotename)%00%(upstream:remoteref) refs/heads/main refs/remotes/main [1ms]
2026-04-24 02:19:42.910 [info] > git for-each-ref --sort -committerdate --format %(refname)%00%(objectname)%00%(*objectname) [1ms]
2026-04-24 02:19:42.916 [info] > git status -z -uall [11ms]
2026-04-24 02:19:43.224 [info] > git check-ignore -v -z --stdin [1ms]
2026-04-24 02:19:57.942 [info] > git config --get commit.template [5ms]
2026-04-24 02:19:57.943 [info] > git for-each-ref --format=%(refname)%00%(upstream:short)%00%(objectname)%00%(upstream:track)%00%(upstream:remotename)%00%(upstream:remoteref) refs/heads/main refs/remotes/main [1ms]
2026-04-24 02:19:57.954 [info] > git for-each-ref --sort -committerdate --format %(refname)%00%(objectname)%00%(*objectname) [2ms]
2026-04-24 02:19:57.959 [info] > git status -z -uall [11ms]
2026-04-24 02:19:58.268 [info] > git check-ignore -v -z --stdin [1ms]
2026-04-24 02:20:12.900 [info] > git config --get commit.template [5ms]
2026-04-24 02:20:12.901 [info] > git for-each-ref --format=%(refname)%00%(upstream:short)%00%(objectname)%00%(upstream:track)%00%(upstream:remotename)%00%(upstream:remoteref) refs/heads/main refs/remotes/main [1ms]
2026-04-24 02:20:12.912 [info] > git for-each-ref --sort -committerdate --format %(refname)%00%(objectname)%00%(*objectname) [1ms]
2026-04-24 02:20:12.917 [info] > git status -z -uall [11ms]
2026-04-24 02:20:13.227 [info] > git check-ignore -v -z --stdin [2ms]
2026-04-24 02:20:22.945 [info] > git config --get commit.template [5ms]
2026-04-24 02:20:22.946 [info] > git for-each-ref --format=%(refname)%00%(upstream:short)%00%(objectname)%00%(upstream:track)%00%(upstream:remotename)%00%(upstream:remoteref) refs/heads/main refs/remotes/main [1ms]
2026-04-24 02:20:22.957 [info] > git for-each-ref --sort -committerdate --format %(refname)%00%(objectname)%00%(*objectname) [1ms]
2026-04-24 02:20:22.962 [info] > git status -z -uall [12ms]
2026-04-24 02:20:23.271 [info] > git check-ignore -v -z --stdin [1ms]
2026-04-24 02:20:31.429 [info] > git config --get commit.template [6ms]
2026-04-24 02:20:31.430 [info] > git for-each-ref --format=%(refname)%00%(upstream:short)%00%(objectname)%00%(upstream:track)%00%(upstream:remotename)%00%(upstream:remoteref) refs/heads/main refs/remotes/main [1ms]
2026-04-24 02:20:31.441 [info] > git for-each-ref --sort -committerdate --format %(refname)%00%(objectname)%00%(*objectname) [1ms]
2026-04-24 02:20:31.446 [info] > git status -z -uall [11ms]
2026-04-24 02:20:31.755 [info] > git check-ignore -v -z --stdin [1ms]
2026-04-24 02:20:42.901 [info] > git config --get commit.template [5ms]
2026-04-24 02:20:42.902 [info] > git for-each-ref --format=%(refname)%00%(upstream:short)%00%(objectname)%00%(upstream:track)%00%(upstream:remotename)%00%(upstream:remoteref) refs/heads/main refs/remotes/main [2ms]
2026-04-24 02:20:42.912 [info] > git for-each-ref --sort -committerdate --format %(refname)%00%(objectname)%00%(*objectname) [1ms]
2026-04-24 02:20:42.918 [info] > git status -z -uall [12ms]
2026-04-24 02:20:43.227 [info] > git check-ignore -v -z --stdin [1ms]
2026-04-24 02:20:58.943 [info] > git config --get commit.template [5ms]
2026-04-24 02:20:58.944 [info] > git for-each-ref --format=%(refname)%00%(upstream:short)%00%(objectname)%00%(upstream:track)%00%(upstream:remotename)%00%(upstream:remoteref) refs/heads/main refs/remotes/main [1ms]
2026-04-24 02:20:58.955 [info] > git for-each-ref --sort -committerdate --format %(refname)%00%(objectname)%00%(*objectname) [1ms]
2026-04-24 02:20:58.961 [info] > git status -z -uall [12ms]
2026-04-24 02:20:59.270 [info] > git check-ignore -v -z --stdin [1ms]
2026-04-24 02:21:10.739 [info] > git config --get commit.template [5ms]
2026-04-24 02:21:10.740 [info] > git for-each-ref --format=%(refname)%00%(upstream:short)%00%(objectname)%00%(upstream:track)%00%(upstream:remotename)%00%(upstream:remoteref) refs/heads/main refs/remotes/main [2ms]
2026-04-24 02:21:10.750 [info] > git for-each-ref --sort -committerdate --format %(refname)%00%(objectname)%00%(*objectname) [1ms]
2026-04-24 02:21:10.759 [info] > git status -z -uall [14ms]
2026-04-24 02:21:11.068 [info] > git check-ignore -v -z --stdin [1ms]
2026-04-24 02:21:15.773 [info] > git config --get commit.template [6ms]
2026-04-24 02:21:15.774 [info] > git for-each-ref --format=%(refname)%00%(upstream:short)%00%(objectname)%00%(upstream:track)%00%(upstream:remotename)%00%(upstream:remoteref) refs/heads/main refs/remotes/main [2ms]
2026-04-24 02:21:15.784 [info] > git for-each-ref --sort -committerdate --format %(refname)%00%(objectname)%00%(*objectname) [2ms]
2026-04-24 02:21:15.793 [info] > git status -z -uall [15ms]
2026-04-24 02:21:16.102 [info] > git check-ignore -v -z --stdin [1ms]
2026-04-24 02:21:23.973 [info] > git config --get commit.template [6ms]
2026-04-24 02:21:23.973 [info] > git for-each-ref --format=%(refname)%00%(upstream:short)%00%(objectname)%00%(upstream:track)%00%(upstream:remotename)%00%(upstream:remoteref) refs/heads/main refs/remotes/main [1ms]
2026-04-24 02:21:23.982 [info] > git for-each-ref --sort -committerdate --format %(refname)%00%(objectname)%00%(*objectname) [1ms]
2026-04-24 02:21:23.992 [info] > git status -z -uall [14ms]
2026-04-24 02:21:24.301 [info] > git check-ignore -v -z --stdin [1ms]
2026-04-24 02:21:42.902 [info] > git config --get commit.template [6ms]
2026-04-24 02:21:42.903 [info] > git for-each-ref --format=%(refname)%00%(upstream:short)%00%(objectname)%00%(upstream:track)%00%(upstream:remotename)%00%(upstream:remoteref) refs/heads/main refs/remotes/main [1ms]
2026-04-24 02:21:42.913 [info] > git for-each-ref --sort -committerdate --format %(refname)%00%(objectname)%00%(*objectname) [1ms]
2026-04-24 02:21:42.922 [info] > git status -z -uall [14ms]
2026-04-24 02:21:43.232 [info] > git check-ignore -v -z --stdin [1ms]
2026-04-24 02:21:57.127 [info] > git config --get commit.template [6ms]
2026-04-24 02:21:57.128 [info] > git for-each-ref --format=%(refname)%00%(upstream:short)%00%(objectname)%00%(upstream:track)%00%(upstream:remotename)%00%(upstream:remoteref) refs/heads/main refs/remotes/main [1ms]
2026-04-24 02:21:57.138 [info] > git for-each-ref --sort -committerdate --format %(refname)%00%(objectname)%00%(*objectname) [1ms]
2026-04-24 02:21:57.147 [info] > git status -z -uall [14ms]
2026-04-24 02:21:57.457 [info] > git check-ignore -v -z --stdin [2ms]
2026-04-24 02:22:02.163 [info] > git config --get commit.template [5ms]
2026-04-24 02:22:02.163 [info] > git for-each-ref --format=%(refname)%00%(upstream:short)%00%(objectname)%00%(upstream:track)%00%(upstream:remotename)%00%(upstream:remoteref) refs/heads/main refs/remotes/main [1ms]
2026-04-24 02:22:02.179 [info] > git for-each-ref --sort -committerdate --format %(refname)%00%(objectname)%00%(*objectname) [1ms]
2026-04-24 02:22:02.188 [info] > git status -z -uall [15ms]
2026-04-24 02:22:02.496 [info] > git check-ignore -v -z --stdin [1ms]
2026-04-24 02:22:12.902 [info] > git config --get commit.template [5ms]
2026-04-24 02:22:12.903 [info] > git for-each-ref --format=%(refname)%00%(upstream:short)%00%(objectname)%00%(upstream:track)%00%(upstream:remotename)%00%(upstream:remoteref) refs/heads/main refs/remotes/main [1ms]
2026-04-24 02:22:12.914 [info] > git for-each-ref --sort -committerdate --format %(refname)%00%(objectname)%00%(*objectname) [2ms]
2026-04-24 02:22:12.922 [info] > git status -z -uall [14ms]
2026-04-24 02:22:13.232 [info] > git check-ignore -v -z --stdin [1ms]
2026-04-24 02:22:24.971 [info] > git config --get commit.template [5ms]
2026-04-24 02:22:24.972 [info] > git for-each-ref --format=%(refname)%00%(upstream:short)%00%(objectname)%00%(upstream:track)%00%(upstream:remotename)%00%(upstream:remoteref) refs/heads/main refs/remotes/main [1ms]
2026-04-24 02:22:24.983 [info] > git for-each-ref --sort -committerdate --format %(refname)%00%(objectname)%00%(*objectname) [2ms]
2026-04-24 02:22:24.991 [info] > git status -z -uall [14ms]
2026-04-24 02:22:25.301 [info] > git check-ignore -v -z --stdin [1ms]
2026-04-24 02:22:30.007 [info] > git config --get commit.template [6ms]
2026-04-24 02:22:30.008 [info] > git for-each-ref --format=%(refname)%00%(upstream:short)%00%(objectname)%00%(upstream:track)%00%(upstream:remotename)%00%(upstream:remoteref) refs/heads/main refs/remotes/main [2ms]
2026-04-24 02:22:30.018 [info] > git for-each-ref --sort -committerdate --format %(refname)%00%(objectname)%00%(*objectname) [1ms]
2026-04-24 02:22:30.027 [info] > git status -z -uall [14ms]
2026-04-24 02:22:30.337 [info] > git check-ignore -v -z --stdin [1ms]
2026-04-24 02:22:38.510 [info] > git config --get commit.template [6ms]
2026-04-24 02:22:38.510 [info] > git for-each-ref --format=%(refname)%00%(upstream:short)%00%(objectname)%00%(upstream:track)%00%(upstream:remotename)%00%(upstream:remoteref) refs/heads/main refs/remotes/main [1ms]
2026-04-24 02:22:38.521 [info] > git for-each-ref --sort -committerdate --format %(refname)%00%(objectname)%00%(*objectname) [1ms]
2026-04-24 02:22:38.529 [info] > git status -z -uall [14ms]
2026-04-24 02:22:38.838 [info] > git check-ignore -v -z --stdin [1ms]
2026-04-24 02:22:43.543 [info] > git config --get commit.template [5ms]
2026-04-24 02:22:43.544 [info] > git for-each-ref --format=%(refname)%00%(upstream:short)%00%(objectname)%00%(upstream:track)%00%(upstream:remotename)%00%(upstream:remoteref) refs/heads/main refs/remotes/main [1ms]
2026-04-24 02:22:43.555 [info] > git for-each-ref --sort -committerdate --format %(refname)%00%(objectname)%00%(*objectname) [2ms]
2026-04-24 02:22:43.563 [info] > git status -z -uall [14ms]
2026-04-24 02:22:43.872 [info] > git check-ignore -v -z --stdin [1ms]
2026-04-24 02:22:59.942 [info] > git config --get commit.template [5ms]
2026-04-24 02:22:59.943 [info] > git for-each-ref --format=%(refname)%00%(upstream:short)%00%(objectname)%00%(upstream:track)%00%(upstream:remotename)%00%(upstream:remoteref) refs/heads/main refs/remotes/main [1ms]
2026-04-24 02:22:59.953 [info] > git for-each-ref --sort -committerdate --format %(refname)%00%(objectname)%00%(*objectname) [2ms]
2026-04-24 02:22:59.962 [info] > git status -z -uall [15ms]
2026-04-24 02:23:00.271 [info] > git check-ignore -v -z --stdin [2ms]
2026-04-24 02:23:12.905 [info] > git config --get commit.template [6ms]
2026-04-24 02:23:12.906 [info] > git for-each-ref --format=%(refname)%00%(upstream:short)%00%(objectname)%00%(upstream:track)%00%(upstream:remotename)%00%(upstream:remoteref) refs/heads/main refs/remotes/main [2ms]
2026-04-24 02:23:12.916 [info] > git for-each-ref --sort -committerdate --format %(refname)%00%(objectname)%00%(*objectname) [1ms]
2026-04-24 02:23:12.925 [info] > git status -z -uall [15ms]
2026-04-24 02:23:13.233 [info] > git check-ignore -v -z --stdin [1ms]
2026-04-24 02:23:24.974 [info] > git config --get commit.template [6ms]
2026-04-24 02:23:24.975 [info] > git for-each-ref --format=%(refname)%00%(upstream:short)%00%(objectname)%00%(upstream:track)%00%(upstream:remotename)%00%(upstream:remoteref) refs/heads/main refs/remotes/main [2ms]
2026-04-24 02:23:24.985 [info] > git for-each-ref --sort -committerdate --format %(refname)%00%(objectname)%00%(*objectname) [1ms]
2026-04-24 02:23:24.994 [info] > git status -z -uall [15ms]
2026-04-24 02:23:25.302 [info] > git check-ignore -v -z --stdin [1ms]
2026-04-24 02:23:42.906 [info] > git config --get commit.template [6ms]
2026-04-24 02:23:42.906 [info] > git for-each-ref --format=%(refname)%00%(upstream:short)%00%(objectname)%00%(upstream:track)%00%(upstream:remotename)%00%(upstream:remoteref) refs/heads/main refs/remotes/main [1ms]
2026-04-24 02:23:42.917 [info] > git for-each-ref --sort -committerdate --format %(refname)%00%(objectname)%00%(*objectname) [1ms]
2026-04-24 02:23:42.926 [info] > git status -z -uall [15ms]
2026-04-24 02:23:43.235 [info] > git check-ignore -v -z --stdin [1ms]
2026-04-24 02:23:52.612 [info] > git config --get commit.template [6ms]
2026-04-24 02:23:52.613 [info] > git for-each-ref --format=%(refname)%00%(upstream:short)%00%(objectname)%00%(upstream:track)%00%(upstream:remotename)%00%(upstream:remoteref) refs/heads/main refs/remotes/main [2ms]
2026-04-24 02:23:52.623 [info] > git for-each-ref --sort -committerdate --format %(refname)%00%(objectname)%00%(*objectname) [1ms]
2026-04-24 02:23:52.632 [info] > git status -z -uall [15ms]
2026-04-24 02:23:52.940 [info] > git check-ignore -v -z --stdin [1ms]
2026-04-24 02:23:57.648 [info] > git config --get commit.template [6ms]
2026-04-24 02:23:57.649 [info] > git for-each-ref --format=%(refname)%00%(upstream:short)%00%(objectname)%00%(upstream:track)%00%(upstream:remotename)%00%(upstream:remoteref) refs/heads/main refs/remotes/main [2ms]
2026-04-24 02:23:57.659 [info] > git for-each-ref --sort -committerdate --format %(refname)%00%(objectname)%00%(*objectname) [1ms]
2026-04-24 02:23:57.668 [info] > git status -z -uall [14ms]
2026-04-24 02:23:57.977 [info] > git check-ignore -v -z --stdin [1ms]
2026-04-24 02:24:02.683 [info] > git config --get commit.template [5ms]
2026-04-24 02:24:02.684 [info] > git for-each-ref --format=%(refname)%00%(upstream:short)%00%(objectname)%00%(upstream:track)%00%(upstream:remotename)%00%(upstream:remoteref) refs/heads/main refs/remotes/main [1ms]
2026-04-24 02:24:02.695 [info] > git for-each-ref --sort -committerdate --format %(refname)%00%(objectname)%00%(*objectname) [2ms]
2026-04-24 02:24:02.703 [info] > git status -z -uall [14ms]
2026-04-24 02:24:03.013 [info] > git check-ignore -v -z --stdin [1ms]
2026-04-24 02:24:12.905 [info] > git config --get commit.template [5ms]
2026-04-24 02:24:12.906 [info] > git for-each-ref --format=%(refname)%00%(upstream:short)%00%(objectname)%00%(upstream:track)%00%(upstream:remotename)%00%(upstream:remoteref) refs/heads/main refs/remotes/main [2ms]
2026-04-24 02:24:12.916 [info] > git for-each-ref --sort -committerdate --format %(refname)%00%(objectname)%00%(*objectname) [1ms]
2026-04-24 02:24:12.925 [info] > git status -z -uall [15ms]
2026-04-24 02:24:13.234 [info] > git check-ignore -v -z --stdin [1ms]
2026-04-24 02:26:40.163 [info] > git config --get commit.template [4ms]
2026-04-24 02:26:40.164 [info] > git for-each-ref --format=%(refname)%00%(upstream:short)%00%(objectname)%00%(upstream:track)%00%(upstream:remotename)%00%(upstream:remoteref) refs/heads/main refs/remotes/main [1ms]
2026-04-24 02:26:40.176 [info] > git for-each-ref --sort -committerdate --format %(refname)%00%(objectname)%00%(*objectname) [1ms]
2026-04-24 02:26:40.184 [info] > git status -z -uall [15ms]
2026-04-24 02:26:40.493 [info] > git check-ignore -v -z --stdin [1ms]
2026-04-24 02:26:40.908 [info] > git check-ignore -v -z --stdin [1ms]
2026-04-24 02:26:40.920 [info] > git show --textconv :nixos/configuration.nix [6ms]
2026-04-24 02:26:40.921 [info] > git ls-files --stage -- nixos/configuration.nix [1ms]
2026-04-24 02:26:40.931 [info] > git cat-file -s 116b61293df1a14c4e3bd28e67c6db8afc4cfe6a [2ms]
2026-04-24 02:26:40.958 [info] > git blame --root --incremental a21da662a443747c33fef8ebeb10e492fe9865d7 -- nixos/configuration.nix [2ms]
2026-04-24 02:26:45.197 [info] > git config --get commit.template [5ms]
2026-04-24 02:26:45.198 [info] > git for-each-ref --format=%(refname)%00%(upstream:short)%00%(objectname)%00%(upstream:track)%00%(upstream:remotename)%00%(upstream:remoteref) refs/heads/main refs/remotes/main [1ms]
2026-04-24 02:26:45.208 [info] > git for-each-ref --sort -committerdate --format %(refname)%00%(objectname)%00%(*objectname) [1ms]
2026-04-24 02:26:45.217 [info] > git status -z -uall [14ms]
2026-04-24 02:26:45.526 [info] > git check-ignore -v -z --stdin [1ms]
2026-04-24 02:26:50.231 [info] > git config --get commit.template [6ms]
2026-04-24 02:26:50.232 [info] > git for-each-ref --format=%(refname)%00%(upstream:short)%00%(objectname)%00%(upstream:track)%00%(upstream:remotename)%00%(upstream:remoteref) refs/heads/main refs/remotes/main [1ms]
2026-04-24 02:26:50.243 [info] > git for-each-ref --sort -committerdate --format %(refname)%00%(objectname)%00%(*objectname) [2ms]
2026-04-24 02:26:50.251 [info] > git status -z -uall [14ms]
2026-04-24 02:26:50.561 [info] > git check-ignore -v -z --stdin [2ms]
2026-04-24 02:27:03.940 [info] > git config --get commit.template [5ms]
2026-04-24 02:27:03.941 [info] > git for-each-ref --format=%(refname)%00%(upstream:short)%00%(objectname)%00%(upstream:track)%00%(upstream:remotename)%00%(upstream:remoteref) refs/heads/main refs/remotes/main [1ms]
2026-04-24 02:27:03.951 [info] > git for-each-ref --sort -committerdate --format %(refname)%00%(objectname)%00%(*objectname) [1ms]
2026-04-24 02:27:03.960 [info] > git status -z -uall [14ms]
2026-04-24 02:27:04.269 [info] > git check-ignore -v -z --stdin [1ms]
2026-04-24 02:27:08.975 [info] > git config --get commit.template [5ms]
2026-04-24 02:27:08.976 [info] > git for-each-ref --format=%(refname)%00%(upstream:short)%00%(objectname)%00%(upstream:track)%00%(upstream:remotename)%00%(upstream:remoteref) refs/heads/main refs/remotes/main [1ms]
2026-04-24 02:27:08.986 [info] > git for-each-ref --sort -committerdate --format %(refname)%00%(objectname)%00%(*objectname) [1ms]
2026-04-24 02:27:08.995 [info] > git status -z -uall [14ms]
2026-04-24 02:27:09.304 [info] > git check-ignore -v -z --stdin [1ms]
2026-04-24 02:27:14.006 [info] > git config --get commit.template [4ms]
2026-04-24 02:27:14.007 [info] > git for-each-ref --format=%(refname)%00%(upstream:short)%00%(objectname)%00%(upstream:track)%00%(upstream:remotename)%00%(upstream:remoteref) refs/heads/main refs/remotes/main [1ms]
2026-04-24 02:27:14.018 [info] > git for-each-ref --sort -committerdate --format %(refname)%00%(objectname)%00%(*objectname) [2ms]
2026-04-24 02:27:14.026 [info] > git status -z -uall [14ms]
2026-04-24 02:27:14.337 [info] > git check-ignore -v -z --stdin [1ms]
2026-04-24 02:27:34.319 [info] > git config --get commit.template [5ms]
2026-04-24 02:27:34.320 [info] > git for-each-ref --format=%(refname)%00%(upstream:short)%00%(objectname)%00%(upstream:track)%00%(upstream:remotename)%00%(upstream:remoteref) refs/heads/main refs/remotes/main [1ms]
2026-04-24 02:27:34.330 [info] > git for-each-ref --sort -committerdate --format %(refname)%00%(objectname)%00%(*objectname) [1ms]
2026-04-24 02:27:34.339 [info] > git status -z -uall [15ms]
2026-04-24 02:27:34.648 [info] > git check-ignore -v -z --stdin [1ms]
2026-04-24 02:27:42.912 [info] > git config --get commit.template [5ms]
2026-04-24 02:27:42.913 [info] > git for-each-ref --format=%(refname)%00%(upstream:short)%00%(objectname)%00%(upstream:track)%00%(upstream:remotename)%00%(upstream:remoteref) refs/heads/main refs/remotes/main [1ms]
2026-04-24 02:27:42.924 [info] > git for-each-ref --sort -committerdate --format %(refname)%00%(objectname)%00%(*objectname) [2ms]
2026-04-24 02:27:42.932 [info] > git status -z -uall [14ms]
2026-04-24 02:27:43.241 [info] > git check-ignore -v -z --stdin [1ms]
2026-04-24 02:27:54.902 [info] > git config --get commit.template [5ms]
2026-04-24 02:27:54.903 [info] > git for-each-ref --format=%(refname)%00%(upstream:short)%00%(objectname)%00%(upstream:track)%00%(upstream:remotename)%00%(upstream:remoteref) refs/heads/main refs/remotes/main [2ms]
2026-04-24 02:27:54.913 [info] > git for-each-ref --sort -committerdate --format %(refname)%00%(objectname)%00%(*objectname) [1ms]
2026-04-24 02:27:54.922 [info] > git status -z -uall [14ms]
2026-04-24 02:27:55.232 [info] > git check-ignore -v -z --stdin [1ms]
2026-04-24 02:27:59.936 [info] > git config --get commit.template [5ms]
2026-04-24 02:27:59.937 [info] > git for-each-ref --format=%(refname)%00%(upstream:short)%00%(objectname)%00%(upstream:track)%00%(upstream:remotename)%00%(upstream:remoteref) refs/heads/main refs/remotes/main [1ms]
2026-04-24 02:27:59.948 [info] > git for-each-ref --sort -committerdate --format %(refname)%00%(objectname)%00%(*objectname) [2ms]
2026-04-24 02:27:59.956 [info] > git status -z -uall [15ms]
2026-04-24 02:28:00.265 [info] > git check-ignore -v -z --stdin [2ms]
2026-04-24 02:28:04.969 [info] > git config --get commit.template [6ms]
2026-04-24 02:28:04.970 [info] > git for-each-ref --format=%(refname)%00%(upstream:short)%00%(objectname)%00%(upstream:track)%00%(upstream:remotename)%00%(upstream:remoteref) refs/heads/main refs/remotes/main [1ms]
2026-04-24 02:28:04.980 [info] > git for-each-ref --sort -committerdate --format %(refname)%00%(objectname)%00%(*objectname) [2ms]
2026-04-24 02:28:04.989 [info] > git status -z -uall [15ms]
2026-04-24 02:28:05.299 [info] > git check-ignore -v -z --stdin [2ms]
2026-04-24 02:28:12.913 [info] > git config --get commit.template [5ms]
2026-04-24 02:28:12.914 [info] > git for-each-ref --format=%(refname)%00%(upstream:short)%00%(objectname)%00%(upstream:track)%00%(upstream:remotename)%00%(upstream:remoteref) refs/heads/main refs/remotes/main [2ms]
2026-04-24 02:28:12.924 [info] > git for-each-ref --sort -committerdate --format %(refname)%00%(objectname)%00%(*objectname) [1ms]
2026-04-24 02:28:12.932 [info] > git status -z -uall [14ms]
2026-04-24 02:28:13.241 [info] > git check-ignore -v -z --stdin [1ms]
2026-04-24 02:28:19.345 [info] > git config --get commit.template [5ms]
2026-04-24 02:28:19.346 [info] > git for-each-ref --format=%(refname)%00%(upstream:short)%00%(objectname)%00%(upstream:track)%00%(upstream:remotename)%00%(upstream:remoteref) refs/heads/main refs/remotes/main [2ms]
2026-04-24 02:28:19.356 [info] > git for-each-ref --sort -committerdate --format %(refname)%00%(objectname)%00%(*objectname) [1ms]
2026-04-24 02:28:19.364 [info] > git status -z -uall [14ms]
2026-04-24 02:28:19.674 [info] > git check-ignore -v -z --stdin [1ms]
2026-04-24 02:28:24.743 [info] > git config --get commit.template [4ms]
2026-04-24 02:28:24.744 [info] > git for-each-ref --format=%(refname)%00%(upstream:short)%00%(objectname)%00%(upstream:track)%00%(upstream:remotename)%00%(upstream:remoteref) refs/heads/main refs/remotes/main [1ms]
2026-04-24 02:28:24.754 [info] > git for-each-ref --sort -committerdate --format %(refname)%00%(objectname)%00%(*objectname) [2ms]
2026-04-24 02:28:24.762 [info] > git status -z -uall [14ms]
2026-04-24 02:28:25.072 [info] > git check-ignore -v -z --stdin [1ms]
2026-04-24 02:28:29.969 [info] > git config --get commit.template [5ms]
2026-04-24 02:28:29.970 [info] > git for-each-ref --format=%(refname)%00%(upstream:short)%00%(objectname)%00%(upstream:track)%00%(upstream:remotename)%00%(upstream:remoteref) refs/heads/main refs/remotes/main [1ms]
2026-04-24 02:28:29.981 [info] > git for-each-ref --sort -committerdate --format %(refname)%00%(objectname)%00%(*objectname) [1ms]
2026-04-24 02:28:29.989 [info] > git status -z -uall [14ms]
2026-04-24 02:28:30.298 [info] > git check-ignore -v -z --stdin [1ms]
2026-04-24 02:28:42.913 [info] > git config --get commit.template [5ms]
2026-04-24 02:28:42.914 [info] > git for-each-ref --format=%(refname)%00%(upstream:short)%00%(objectname)%00%(upstream:track)%00%(upstream:remotename)%00%(upstream:remoteref) refs/heads/main refs/remotes/main [2ms]
2026-04-24 02:28:42.924 [info] > git for-each-ref --sort -committerdate --format %(refname)%00%(objectname)%00%(*objectname) [1ms]
2026-04-24 02:28:42.933 [info] > git status -z -uall [15ms]
2026-04-24 02:28:43.242 [info] > git check-ignore -v -z --stdin [2ms]
2026-04-24 02:53:51.070 [info] > git config --get commit.template [6ms]
2026-04-24 02:53:51.071 [info] > git for-each-ref --format=%(refname)%00%(upstream:short)%00%(objectname)%00%(upstream:track)%00%(upstream:remotename)%00%(upstream:remoteref) refs/heads/main refs/remotes/main [1ms]
2026-04-24 02:53:51.084 [info] > git for-each-ref --sort -committerdate --format %(refname)%00%(objectname)%00%(*objectname) [1ms]
2026-04-24 02:53:51.092 [info] > git status -z -uall [15ms]
2026-04-24 02:53:51.402 [info] > git check-ignore -v -z --stdin [1ms]
2026-04-24 02:53:56.105 [info] > git config --get commit.template [5ms]
2026-04-24 02:53:56.106 [info] > git for-each-ref --format=%(refname)%00%(upstream:short)%00%(objectname)%00%(upstream:track)%00%(upstream:remotename)%00%(upstream:remoteref) refs/heads/main refs/remotes/main [1ms]
2026-04-24 02:53:56.119 [info] > git for-each-ref --sort -committerdate --format %(refname)%00%(objectname)%00%(*objectname) [2ms]
2026-04-24 02:53:56.127 [info] > git status -z -uall [15ms]
2026-04-24 02:53:56.437 [info] > git check-ignore -v -z --stdin [1ms]
2026-04-24 02:54:01.141 [info] > git config --get commit.template [6ms]
2026-04-24 02:54:01.143 [info] > git for-each-ref --format=%(refname)%00%(upstream:short)%00%(objectname)%00%(upstream:track)%00%(upstream:remotename)%00%(upstream:remoteref) refs/heads/main refs/remotes/main [2ms]
2026-04-24 02:54:01.156 [info] > git for-each-ref --sort -committerdate --format %(refname)%00%(objectname)%00%(*objectname) [2ms]
2026-04-24 02:54:01.159 [info] > git status -z -uall [11ms]
2026-04-24 02:54:01.470 [info] > git check-ignore -v -z --stdin [1ms]
2026-04-24 02:55:20.480 [info] > git config --get commit.template [6ms]
2026-04-24 02:55:20.481 [info] > git for-each-ref --format=%(refname)%00%(upstream:short)%00%(objectname)%00%(upstream:track)%00%(upstream:remotename)%00%(upstream:remoteref) refs/heads/main refs/remotes/main [2ms]
2026-04-24 02:55:20.492 [info] > git for-each-ref --sort -committerdate --format %(refname)%00%(objectname)%00%(*objectname) [2ms]
2026-04-24 02:55:20.495 [info] > git status -z -uall [10ms]
2026-04-24 02:55:20.827 [info] > git check-ignore -v -z --stdin [1ms]
2026-04-24 02:55:21.309 [info] > git check-ignore -v -z --stdin [1ms]
2026-04-24 02:55:21.321 [info] > git show --textconv :nixos/home.nix [6ms]
2026-04-24 02:55:21.322 [info] > git ls-files --stage -- nixos/home.nix [2ms]
2026-04-24 02:55:21.328 [info] > git cat-file -s c8e6d5045e7dea3eb44adc8f8b7e0c846aa6d962 [1ms]
2026-04-24 02:55:25.506 [info] > git config --get commit.template [4ms]
2026-04-24 02:55:25.507 [info] > git for-each-ref --format=%(refname)%00%(upstream:short)%00%(objectname)%00%(upstream:track)%00%(upstream:remotename)%00%(upstream:remoteref) refs/heads/main refs/remotes/main [1ms]
2026-04-24 02:55:25.517 [info] > git for-each-ref --sort -committerdate --format %(refname)%00%(objectname)%00%(*objectname) [1ms]
2026-04-24 02:55:25.521 [info] > git status -z -uall [9ms]
2026-04-24 02:55:25.831 [info] > git check-ignore -v -z --stdin [1ms]
2026-04-24 02:55:29.726 [info] > git check-ignore -v -z --stdin [1ms]
2026-04-24 02:55:30.535 [info] > git config --get commit.template [6ms]
2026-04-24 02:55:30.535 [info] > git for-each-ref --format=%(refname)%00%(upstream:short)%00%(objectname)%00%(upstream:track)%00%(upstream:remotename)%00%(upstream:remoteref) refs/heads/main refs/remotes/main [1ms]
2026-04-24 02:55:30.546 [info] > git for-each-ref --sort -committerdate --format %(refname)%00%(objectname)%00%(*objectname) [1ms]
2026-04-24 02:55:30.553 [info] > git status -z -uall [13ms]
2026-04-24 02:55:31.254 [info] > git check-ignore -v -z --stdin [2ms]
2026-04-24 02:55:31.715 [info] > git check-ignore -v -z --stdin [1ms]
2026-04-24 02:55:32.286 [info] > git check-ignore -v -z --stdin [1ms]
2026-04-24 02:55:34.124 [info] > git check-ignore -v -z --stdin [2ms]
2026-04-24 02:55:35.152 [info] > git check-ignore -v -z --stdin [2ms]
2026-04-24 02:55:35.435 [info] > git check-ignore -v -z --stdin [1ms]
2026-04-24 02:55:35.566 [info] > git config --get commit.template [5ms]
2026-04-24 02:55:35.566 [info] > git for-each-ref --format=%(refname)%00%(upstream:short)%00%(objectname)%00%(upstream:track)%00%(upstream:remotename)%00%(upstream:remoteref) refs/heads/main refs/remotes/main [1ms]
2026-04-24 02:55:35.577 [info] > git for-each-ref --sort -committerdate --format %(refname)%00%(objectname)%00%(*objectname) [2ms]
2026-04-24 02:55:35.584 [info] > git status -z -uall [13ms]
2026-04-24 02:55:37.553 [info] > git check-ignore -v -z --stdin [1ms]
2026-04-24 02:55:37.879 [info] > git check-ignore -v -z --stdin [1ms]
2026-04-24 02:55:40.523 [info] > git check-ignore -v -z --stdin [1ms]
2026-04-24 02:55:40.598 [info] > git config --get commit.template [6ms]
2026-04-24 02:55:40.599 [info] > git for-each-ref --format=%(refname)%00%(upstream:short)%00%(objectname)%00%(upstream:track)%00%(upstream:remotename)%00%(upstream:remoteref) refs/heads/main refs/remotes/main [2ms]
2026-04-24 02:55:40.610 [info] > git for-each-ref --sort -committerdate --format %(refname)%00%(objectname)%00%(*objectname) [2ms]
2026-04-24 02:55:40.617 [info] > git status -z -uall [13ms]
2026-04-24 02:55:41.133 [info] > git check-ignore -v -z --stdin [2ms]
2026-04-24 02:55:42.934 [info] > git check-ignore -v -z --stdin [1ms]
2026-04-24 02:55:45.630 [info] > git config --get commit.template [6ms]
2026-04-24 02:55:45.631 [info] > git for-each-ref --format=%(refname)%00%(upstream:short)%00%(objectname)%00%(upstream:track)%00%(upstream:remotename)%00%(upstream:remoteref) refs/heads/main refs/remotes/main [2ms]
2026-04-24 02:55:45.642 [info] > git for-each-ref --sort -committerdate --format %(refname)%00%(objectname)%00%(*objectname) [1ms]
2026-04-24 02:55:45.649 [info] > git status -z -uall [13ms]
2026-04-24 02:55:46.015 [info] > git check-ignore -v -z --stdin [1ms]
2026-04-24 02:55:46.552 [info] > git check-ignore -v -z --stdin [2ms]
2026-04-24 02:55:47.119 [info] > git check-ignore -v -z --stdin [1ms]
2026-04-24 02:55:49.326 [info] > git check-ignore -v -z --stdin [2ms]
2026-04-24 02:55:50.663 [info] > git config --get commit.template [6ms]
2026-04-24 02:55:50.663 [info] > git for-each-ref --format=%(refname)%00%(upstream:short)%00%(objectname)%00%(upstream:track)%00%(upstream:remotename)%00%(upstream:remoteref) refs/heads/main refs/remotes/main [1ms]
2026-04-24 02:55:50.675 [info] > git for-each-ref --sort -committerdate --format %(refname)%00%(objectname)%00%(*objectname) [1ms]
2026-04-24 02:55:50.682 [info] > git status -z -uall [14ms]
2026-04-24 02:55:50.997 [info] > git check-ignore -v -z --stdin [1ms]
2026-04-24 02:56:05.098 [info] > git config --get commit.template [7ms]
2026-04-24 02:56:05.099 [info] > git for-each-ref --format=%(refname)%00%(upstream:short)%00%(objectname)%00%(upstream:track)%00%(upstream:remotename)%00%(upstream:remoteref) refs/heads/main refs/remotes/main [2ms]
2026-04-24 02:56:05.110 [info] > git for-each-ref --sort -committerdate --format %(refname)%00%(objectname)%00%(*objectname) [1ms]
2026-04-24 02:56:05.118 [info] > git status -z -uall [14ms]
2026-04-24 02:56:05.428 [info] > git check-ignore -v -z --stdin [2ms]
2026-04-24 02:56:06.523 [info] > git check-ignore -v -z --stdin [1ms]
2026-04-24 02:56:14.015 [info] > git config --get commit.template [7ms]
2026-04-24 02:56:14.016 [info] > git for-each-ref --format=%(refname)%00%(upstream:short)%00%(objectname)%00%(upstream:track)%00%(upstream:remotename)%00%(upstream:remoteref) refs/heads/main refs/remotes/main [1ms]
2026-04-24 02:56:14.028 [info] > git for-each-ref --sort -committerdate --format %(refname)%00%(objectname)%00%(*objectname) [1ms]
2026-04-24 02:56:14.035 [info] > git status -z -uall [13ms]
2026-04-24 02:56:14.346 [info] > git check-ignore -v -z --stdin [2ms]
2026-04-24 02:56:18.755 [info] > git check-ignore -v -z --stdin [2ms]
2026-04-24 02:56:19.048 [info] > git config --get commit.template [5ms]
2026-04-24 02:56:19.049 [info] > git for-each-ref --format=%(refname)%00%(upstream:short)%00%(objectname)%00%(upstream:track)%00%(upstream:remotename)%00%(upstream:remoteref) refs/heads/main refs/remotes/main [1ms]
2026-04-24 02:56:19.060 [info] > git for-each-ref --sort -committerdate --format %(refname)%00%(objectname)%00%(*objectname) [2ms]
2026-04-24 02:56:19.067 [info] > git status -z -uall [13ms]
2026-04-24 02:56:19.377 [info] > git check-ignore -v -z --stdin [1ms]
2026-04-24 02:56:20.141 [info] > git check-ignore -v -z --stdin [1ms]
2026-04-24 02:56:21.185 [info] > git check-ignore -v -z --stdin [2ms]
2026-04-24 02:56:21.559 [info] > git check-ignore -v -z --stdin [2ms]
2026-04-24 02:56:23.949 [info] > git check-ignore -v -z --stdin [2ms]
2026-04-24 02:56:24.079 [info] > git config --get commit.template [5ms]
2026-04-24 02:56:24.080 [info] > git for-each-ref --format=%(refname)%00%(upstream:short)%00%(objectname)%00%(upstream:track)%00%(upstream:remotename)%00%(upstream:remoteref) refs/heads/main refs/remotes/main [1ms]
2026-04-24 02:56:24.091 [info] > git for-each-ref --sort -committerdate --format %(refname)%00%(objectname)%00%(*objectname) [1ms]
2026-04-24 02:56:24.098 [info] > git status -z -uall [13ms]
2026-04-24 02:56:24.407 [info] > git check-ignore -v -z --stdin [1ms]
2026-04-24 02:56:30.105 [info] > git config --get commit.template [6ms]
2026-04-24 02:56:30.106 [info] > git for-each-ref --format=%(refname)%00%(upstream:short)%00%(objectname)%00%(upstream:track)%00%(upstream:remotename)%00%(upstream:remoteref) refs/heads/main refs/remotes/main [1ms]
2026-04-24 02:56:30.118 [info] > git for-each-ref --sort -committerdate --format %(refname)%00%(objectname)%00%(*objectname) [1ms]
2026-04-24 02:56:30.124 [info] > git status -z -uall [12ms]
2026-04-24 02:56:30.434 [info] > git check-ignore -v -z --stdin [1ms]
2026-04-24 02:56:31.341 [info] > git check-ignore -v -z --stdin [1ms]
2026-04-24 02:56:31.594 [info] > git check-ignore -v -z --stdin [1ms]
2026-04-24 02:56:32.250 [info] > git check-ignore -v -z --stdin [2ms]
2026-04-24 02:56:32.651 [info] > git check-ignore -v -z --stdin [1ms]
2026-04-24 02:56:33.049 [info] > git check-ignore -v -z --stdin [1ms]
2026-04-24 02:56:33.376 [info] > git check-ignore -v -z --stdin [2ms]
2026-04-24 02:56:35.135 [info] > git config --get commit.template [4ms]
2026-04-24 02:56:35.136 [info] > git for-each-ref --format=%(refname)%00%(upstream:short)%00%(objectname)%00%(upstream:track)%00%(upstream:remotename)%00%(upstream:remoteref) refs/heads/main refs/remotes/main [1ms]
2026-04-24 02:56:35.146 [info] > git for-each-ref --sort -committerdate --format %(refname)%00%(objectname)%00%(*objectname) [1ms]
2026-04-24 02:56:35.154 [info] > git status -z -uall [13ms]
2026-04-24 02:56:35.464 [info] > git check-ignore -v -z --stdin [2ms]
2026-04-24 02:56:38.847 [info] > git check-ignore -v -z --stdin [1ms]
2026-04-24 02:56:39.386 [info] > git check-ignore -v -z --stdin [1ms]
2026-04-24 02:56:40.166 [info] > git config --get commit.template [5ms]
2026-04-24 02:56:40.167 [info] > git for-each-ref --format=%(refname)%00%(upstream:short)%00%(objectname)%00%(upstream:track)%00%(upstream:remotename)%00%(upstream:remoteref) refs/heads/main refs/remotes/main [1ms]
2026-04-24 02:56:40.177 [info] > git for-each-ref --sort -committerdate --format %(refname)%00%(objectname)%00%(*objectname) [1ms]
2026-04-24 02:56:40.185 [info] > git status -z -uall [14ms]
2026-04-24 02:56:40.495 [info] > git check-ignore -v -z --stdin [1ms]
2026-04-24 02:56:41.021 [info] > git check-ignore -v -z --stdin [2ms]
2026-04-24 02:56:45.198 [info] > git config --get commit.template [5ms]
2026-04-24 02:56:45.199 [info] > git for-each-ref --format=%(refname)%00%(upstream:short)%00%(objectname)%00%(upstream:track)%00%(upstream:remotename)%00%(upstream:remoteref) refs/heads/main refs/remotes/main [1ms]
2026-04-24 02:56:45.210 [info] > git for-each-ref --sort -committerdate --format %(refname)%00%(objectname)%00%(*objectname) [2ms]
2026-04-24 02:56:45.217 [info] > git status -z -uall [13ms]
2026-04-24 02:56:45.528 [info] > git check-ignore -v -z --stdin [2ms]
2026-04-24 02:56:50.390 [info] > git check-ignore -v -z --stdin [2ms]
2026-04-24 02:56:51.527 [info] > git config --get commit.template [5ms]
2026-04-24 02:56:51.528 [info] > git for-each-ref --format=%(refname)%00%(upstream:short)%00%(objectname)%00%(upstream:track)%00%(upstream:remotename)%00%(upstream:remoteref) refs/heads/main refs/remotes/main [1ms]
2026-04-24 02:56:51.539 [info] > git for-each-ref --sort -committerdate --format %(refname)%00%(objectname)%00%(*objectname) [2ms]
2026-04-24 02:56:51.546 [info] > git status -z -uall [13ms]
2026-04-24 02:56:51.856 [info] > git check-ignore -v -z --stdin [1ms]
2026-04-24 02:56:56.560 [info] > git config --get commit.template [6ms]
2026-04-24 02:56:56.561 [info] > git for-each-ref --format=%(refname)%00%(upstream:short)%00%(objectname)%00%(upstream:track)%00%(upstream:remotename)%00%(upstream:remoteref) refs/heads/main refs/remotes/main [2ms]
2026-04-24 02:56:56.572 [info] > git for-each-ref --sort -committerdate --format %(refname)%00%(objectname)%00%(*objectname) [2ms]
2026-04-24 02:56:56.579 [info] > git status -z -uall [13ms]
2026-04-24 02:56:56.889 [info] > git check-ignore -v -z --stdin [1ms]
2026-04-24 02:57:01.593 [info] > git config --get commit.template [5ms]
2026-04-24 02:57:01.594 [info] > git for-each-ref --format=%(refname)%00%(upstream:short)%00%(objectname)%00%(upstream:track)%00%(upstream:remotename)%00%(upstream:remoteref) refs/heads/main refs/remotes/main [1ms]
2026-04-24 02:57:01.605 [info] > git for-each-ref --sort -committerdate --format %(refname)%00%(objectname)%00%(*objectname) [1ms]
2026-04-24 02:57:01.615 [info] > git status -z -uall [16ms]
2026-04-24 02:57:01.930 [info] > git check-ignore -v -z --stdin [1ms]
2026-04-24 02:57:06.630 [info] > git config --get commit.template [5ms]
2026-04-24 02:57:06.631 [info] > git for-each-ref --format=%(refname)%00%(upstream:short)%00%(objectname)%00%(upstream:track)%00%(upstream:remotename)%00%(upstream:remoteref) refs/heads/main refs/remotes/main [1ms]
2026-04-24 02:57:06.642 [info] > git for-each-ref --sort -committerdate --format %(refname)%00%(objectname)%00%(*objectname) [2ms]
2026-04-24 02:57:06.649 [info] > git status -z -uall [13ms]
2026-04-24 02:57:06.959 [info] > git check-ignore -v -z --stdin [1ms]
2026-04-24 02:57:11.662 [info] > git config --get commit.template [5ms]
2026-04-24 02:57:11.663 [info] > git for-each-ref --format=%(refname)%00%(upstream:short)%00%(objectname)%00%(upstream:track)%00%(upstream:remotename)%00%(upstream:remoteref) refs/heads/main refs/remotes/main [1ms]
2026-04-24 02:57:11.674 [info] > git for-each-ref --sort -committerdate --format %(refname)%00%(objectname)%00%(*objectname) [1ms]
2026-04-24 02:57:11.682 [info] > git status -z -uall [14ms]
2026-04-24 02:57:11.992 [info] > git check-ignore -v -z --stdin [1ms]
2026-04-24 02:57:16.695 [info] > git config --get commit.template [6ms]
2026-04-24 02:57:16.696 [info] > git for-each-ref --format=%(refname)%00%(upstream:short)%00%(objectname)%00%(upstream:track)%00%(upstream:remotename)%00%(upstream:remoteref) refs/heads/main refs/remotes/main [1ms]
2026-04-24 02:57:16.706 [info] > git for-each-ref --sort -committerdate --format %(refname)%00%(objectname)%00%(*objectname) [1ms]
2026-04-24 02:57:16.713 [info] > git status -z -uall [13ms]
2026-04-24 02:57:17.023 [info] > git check-ignore -v -z --stdin [2ms]
2026-04-24 02:57:21.729 [info] > git config --get commit.template [6ms]
2026-04-24 02:57:21.729 [info] > git for-each-ref --format=%(refname)%00%(upstream:short)%00%(objectname)%00%(upstream:track)%00%(upstream:remotename)%00%(upstream:remoteref) refs/heads/main refs/remotes/main [1ms]
2026-04-24 02:57:21.741 [info] > git for-each-ref --sort -committerdate --format %(refname)%00%(objectname)%00%(*objectname) [1ms]
2026-04-24 02:57:21.750 [info] > git status -z -uall [15ms]
2026-04-24 02:57:22.061 [info] > git check-ignore -v -z --stdin [2ms]
2026-04-24 02:57:39.306 [info] > git check-ignore -v -z --stdin [2ms]
2026-04-24 02:57:39.365 [info] > git check-ignore -v -z --stdin [1ms]
2026-04-24 02:57:39.378 [info] > git show --textconv :waybar/config.jsonc [6ms]
2026-04-24 02:57:39.379 [info] > git ls-files --stage -- waybar/config.jsonc [1ms]
2026-04-24 02:57:39.385 [info] > git cat-file -s 2211609f19de0c06b71bc65f8cd92e9b57e1e2a4 [1ms]
2026-04-24 02:57:40.502 [info] > git check-ignore -v -z --stdin [1ms]
2026-04-24 02:57:40.514 [info] > git show --textconv :.gitignore [6ms]
2026-04-24 02:57:40.515 [info] > git ls-files --stage -- .gitignore [1ms]
2026-04-24 02:57:40.521 [info] > git cat-file -s ea614fd3df1738cbc07b3af7490f3a33e9f7511f [1ms]
2026-04-24 02:57:41.069 [info] > git blame --root --incremental a21da662a443747c33fef8ebeb10e492fe9865d7 -- .gitignore [2ms]
2026-04-24 02:57:42.476 [info] > git check-ignore -v -z --stdin [1ms]
2026-04-24 02:57:42.942 [info] > git config --get commit.template [4ms]
2026-04-24 02:57:42.942 [info] > git for-each-ref --format=%(refname)%00%(upstream:short)%00%(objectname)%00%(upstream:track)%00%(upstream:remotename)%00%(upstream:remoteref) refs/heads/main refs/remotes/main [1ms]
2026-04-24 02:57:42.953 [info] > git for-each-ref --sort -committerdate --format %(refname)%00%(objectname)%00%(*objectname) [1ms]
2026-04-24 02:57:42.967 [info] > git status -z -uall [20ms]
2026-04-24 02:57:43.640 [info] > git check-ignore -v -z --stdin [1ms]
2026-04-24 02:57:44.249 [info] > git check-ignore -v -z --stdin [2ms]
2026-04-24 02:57:47.983 [info] > git config --get commit.template [5ms]
2026-04-24 02:57:47.984 [info] > git for-each-ref --format=%(refname)%00%(upstream:short)%00%(objectname)%00%(upstream:track)%00%(upstream:remotename)%00%(upstream:remoteref) refs/heads/main refs/remotes/main [1ms]
2026-04-24 02:57:47.995 [info] > git for-each-ref --sort -committerdate --format %(refname)%00%(objectname)%00%(*objectname) [1ms]
2026-04-24 02:57:48.000 [info] > git status -z -uall [11ms]
2026-04-24 02:57:48.310 [info] > git check-ignore -v -z --stdin [1ms]
2026-04-24 02:57:50.321 [info] > git check-ignore -v -z --stdin [1ms]
2026-04-24 02:57:50.333 [info] > git show --textconv :nixos/home.nix [6ms]
2026-04-24 02:57:50.334 [info] > git ls-files --stage -- nixos/home.nix [1ms]
2026-04-24 02:57:50.340 [info] > git cat-file -s c8e6d5045e7dea3eb44adc8f8b7e0c846aa6d962 [1ms]
2026-04-24 02:57:53.013 [info] > git config --get commit.template [5ms]
2026-04-24 02:57:53.014 [info] > git for-each-ref --format=%(refname)%00%(upstream:short)%00%(objectname)%00%(upstream:track)%00%(upstream:remotename)%00%(upstream:remoteref) refs/heads/main refs/remotes/main [1ms]
2026-04-24 02:57:53.025 [info] > git for-each-ref --sort -committerdate --format %(refname)%00%(objectname)%00%(*objectname) [1ms]
2026-04-24 02:57:53.031 [info] > git status -z -uall [12ms]
2026-04-24 02:57:58.046 [info] > git config --get commit.template [5ms]
2026-04-24 02:57:58.047 [info] > git for-each-ref --format=%(refname)%00%(upstream:short)%00%(objectname)%00%(upstream:track)%00%(upstream:remotename)%00%(upstream:remoteref) refs/heads/main refs/remotes/main [1ms]
2026-04-24 02:57:58.058 [info] > git for-each-ref --sort -committerdate --format %(refname)%00%(objectname)%00%(*objectname) [1ms]
2026-04-24 02:57:58.063 [info] > git status -z -uall [11ms]
2026-04-24 02:58:05.739 [info] > git check-ignore -v -z --stdin [1ms]
2026-04-24 02:58:06.678 [info] > git config --get commit.template [5ms]
2026-04-24 02:58:06.679 [info] > git for-each-ref --format=%(refname)%00%(upstream:short)%00%(objectname)%00%(upstream:track)%00%(upstream:remotename)%00%(upstream:remoteref) refs/heads/main refs/remotes/main [1ms]
2026-04-24 02:58:06.691 [info] > git for-each-ref --sort -committerdate --format %(refname)%00%(objectname)%00%(*objectname) [1ms]
2026-04-24 02:58:06.696 [info] > git status -z -uall [11ms]
2026-04-24 02:58:11.708 [info] > git config --get commit.template [5ms]
2026-04-24 02:58:11.709 [info] > git for-each-ref --format=%(refname)%00%(upstream:short)%00%(objectname)%00%(upstream:track)%00%(upstream:remotename)%00%(upstream:remoteref) refs/heads/main refs/remotes/main [1ms]
2026-04-24 02:58:11.718 [info] > git for-each-ref --sort -committerdate --format %(refname)%00%(objectname)%00%(*objectname) [1ms]
2026-04-24 02:58:11.725 [info] > git status -z -uall [12ms]
2026-04-24 02:58:16.741 [info] > git config --get commit.template [5ms]
2026-04-24 02:58:16.742 [info] > git for-each-ref --format=%(refname)%00%(upstream:short)%00%(objectname)%00%(upstream:track)%00%(upstream:remotename)%00%(upstream:remoteref) refs/heads/main refs/remotes/main [2ms]
2026-04-24 02:58:16.751 [info] > git for-each-ref --sort -committerdate --format %(refname)%00%(objectname)%00%(*objectname) [1ms]
2026-04-24 02:58:16.758 [info] > git status -z -uall [12ms]
2026-04-24 02:58:56.915 [info] > git config --get commit.template [6ms]
2026-04-24 02:58:56.916 [info] > git for-each-ref --format=%(refname)%00%(upstream:short)%00%(objectname)%00%(upstream:track)%00%(upstream:remotename)%00%(upstream:remoteref) refs/heads/main refs/remotes/main [1ms]
2026-04-24 02:58:56.928 [info] > git for-each-ref --sort -committerdate --format %(refname)%00%(objectname)%00%(*objectname) [1ms]
2026-04-24 02:58:56.933 [info] > git status -z -uall [12ms]
2026-04-24 02:58:57.248 [info] > git check-ignore -v -z --stdin [2ms]
2026-04-24 02:59:01.948 [info] > git config --get commit.template [6ms]
2026-04-24 02:59:01.949 [info] > git for-each-ref --format=%(refname)%00%(upstream:short)%00%(objectname)%00%(upstream:track)%00%(upstream:remotename)%00%(upstream:remoteref) refs/heads/main refs/remotes/main [1ms]
2026-04-24 02:59:01.958 [info] > git for-each-ref --sort -committerdate --format %(refname)%00%(objectname)%00%(*objectname) [1ms]
2026-04-24 02:59:01.964 [info] > git status -z -uall [12ms]
2026-04-24 02:59:06.976 [info] > git config --get commit.template [5ms]
2026-04-24 02:59:06.977 [info] > git for-each-ref --format=%(refname)%00%(upstream:short)%00%(objectname)%00%(upstream:track)%00%(upstream:remotename)%00%(upstream:remoteref) refs/heads/main refs/remotes/main [1ms]
2026-04-24 02:59:06.989 [info] > git for-each-ref --sort -committerdate --format %(refname)%00%(objectname)%00%(*objectname) [2ms]
2026-04-24 02:59:06.995 [info] > git status -z -uall [12ms]
2026-04-24 02:59:12.007 [info] > git config --get commit.template [6ms]
2026-04-24 02:59:12.008 [info] > git for-each-ref --format=%(refname)%00%(upstream:short)%00%(objectname)%00%(upstream:track)%00%(upstream:remotename)%00%(upstream:remoteref) refs/heads/main refs/remotes/main [1ms]
2026-04-24 02:59:12.021 [info] > git for-each-ref --sort -committerdate --format %(refname)%00%(objectname)%00%(*objectname) [1ms]
2026-04-24 02:59:12.025 [info] > git status -z -uall [12ms]
2026-04-24 02:59:17.038 [info] > git config --get commit.template [5ms]
2026-04-24 02:59:17.039 [info] > git for-each-ref --format=%(refname)%00%(upstream:short)%00%(objectname)%00%(upstream:track)%00%(upstream:remotename)%00%(upstream:remoteref) refs/heads/main refs/remotes/main [1ms]
2026-04-24 02:59:17.050 [info] > git for-each-ref --sort -committerdate --format %(refname)%00%(objectname)%00%(*objectname) [1ms]
2026-04-24 02:59:17.056 [info] > git status -z -uall [12ms]
