2026-04-24 02:03:51.196 [info] Reading sessions from keychain...
2026-04-24 02:03:51.196 [info] Getting sessions for all scopes...
2026-04-24 02:03:51.388 [info] Got 0 sessions for ...
2026-04-24 02:03:51.388 [info] Getting sessions for all scopes...
2026-04-24 02:03:51.388 [info] Got 0 sessions for ...
2026-04-24 02:03:51.412 [info] Getting sessions for all scopes...
2026-04-24 02:03:51.412 [info] Got 0 sessions for ...
2026-04-24 02:03:51.865 [info] Getting sessions for all scopes...
2026-04-24 02:03:51.865 [info] Got 0 sessions for ...
2026-04-24 02:03:52.902 [info] Getting sessions for all scopes...
2026-04-24 02:03:52.902 [info] Got 0 sessions for ...
2026-04-24 02:08:58.802 [info] Getting sessions for read:user,repo,user:email,workflow...
2026-04-24 02:08:58.802 [info] Got 0 sessions for read:user,repo,user:email,workflow...
2026-04-24 02:09:00.249 [info] Logging in with 'any' account...
2026-04-24 02:09:00.249 [info] Logging in for the following scopes: read:user repo user:email workflow
2026-04-24 02:09:00.252 [info] Trying with local server... (read:user repo user:email workflow)
2026-04-24 02:09:22.770 [info] Exchanging code for token...
2026-04-24 02:09:22.956 [info] Token exchange success!
2026-04-24 02:09:22.958 [info] Getting user info...
2026-04-24 02:09:23.184 [info] Got account info!
2026-04-24 02:09:23.185 [info] Storing 1 sessions...
2026-04-24 02:09:23.303 [info] FetcherService: Node fetch failed with status: 429 Too Many Requests
2026-04-24 02:09:23.303 [info] Unable to resolve optional EDU details. Status: 429 Too Many Requests
2026-04-24 02:09:26.366 [info] Reading sessions from keychain...
2026-04-24 02:09:26.366 [info] Stored 1 sessions!
2026-04-24 02:09:26.366 [info] Login success!
2026-04-24 02:09:26.368 [info] Got stored sessions!
2026-04-24 02:09:26.368 [info] Got 1 verified sessions.
2026-04-24 02:09:26.470 [info] Getting sessions for all scopes...
2026-04-24 02:09:26.470 [info] Got 1 sessions for ...
2026-04-24 02:09:26.471 [info] Getting sessions for all scopes...
2026-04-24 02:09:26.471 [info] Got 1 sessions for ...
2026-04-24 02:09:29.633 [info] Getting sessions for all scopes...
2026-04-24 02:09:29.633 [info] Got 1 sessions for ...
2026-04-24 02:09:29.634 [info] Getting sessions for all scopes...
2026-04-24 02:09:29.634 [info] Got 1 sessions for ...
2026-04-24 02:09:33.659 [info] Getting sessions for all scopes...
2026-04-24 02:09:33.659 [info] Got 1 sessions for ...
2026-04-24 02:09:33.660 [info] Getting sessions for all scopes...
2026-04-24 02:09:33.660 [info] Got 1 sessions for ...
