2026-04-24 01:50:24.312 [info] [main] Log level: Info
2026-04-24 01:50:24.312 [info] [main] Validating found git in: "git"
2026-04-24 01:50:24.312 [info] [main] Using git "2.53.0" from "git"
2026-04-24 01:50:24.312 [info] [Model][doInitialScan] Initial repository scan started
2026-04-24 01:50:24.312 [info] > git rev-parse --show-toplevel [6ms]
2026-04-24 01:50:24.312 [info] fatal: not a git repository (or any of the parent directories): .git
2026-04-24 01:50:24.312 [info] > git rev-parse --show-toplevel [2ms]
2026-04-24 01:50:24.312 [info] fatal: not a git repository (or any of the parent directories): .git
2026-04-24 01:50:24.312 [info] > git rev-parse --show-toplevel [2ms]
2026-04-24 01:50:24.312 [info] fatal: not a git repository (or any of the parent directories): .git
2026-04-24 01:50:24.312 [info] > git rev-parse --show-toplevel [4ms]
2026-04-24 01:50:24.312 [info] fatal: not a git repository (or any of the parent directories): .git
2026-04-24 01:50:24.312 [info] > git rev-parse --show-toplevel [2ms]
2026-04-24 01:50:24.312 [info] fatal: not a git repository (or any of the parent directories): .git
2026-04-24 01:50:24.312 [info] > git rev-parse --show-toplevel [1ms]
2026-04-24 01:50:24.312 [info] fatal: not a git repository (or any of the parent directories): .git
2026-04-24 01:50:24.312 [info] > git rev-parse --show-toplevel [4ms]
2026-04-24 01:50:24.312 [info] fatal: not a git repository (or any of the parent directories): .git
2026-04-24 01:50:24.312 [info] > git rev-parse --show-toplevel [15ms]
2026-04-24 01:50:24.312 [info] fatal: not a git repository (or any of the parent directories): .git
2026-04-24 01:50:24.317 [info] > git rev-parse --show-toplevel [1ms]
2026-04-24 01:50:24.317 [info] fatal: not a git repository (or any of the parent directories): .git
2026-04-24 01:50:24.323 [info] > git rev-parse --show-toplevel [2ms]
2026-04-24 01:50:24.323 [info] fatal: not a git repository (or any of the parent directories): .git
2026-04-24 01:50:24.357 [info] > git rev-parse --show-toplevel [30ms]
2026-04-24 01:50:24.357 [info] fatal: not a git repository (or any of the parent directories): .git
2026-04-24 01:50:24.387 [info] > git rev-parse --show-toplevel [11ms]
2026-04-24 01:50:24.387 [info] fatal: not a git repository (or any of the parent directories): .git
2026-04-24 01:50:24.395 [info] > git rev-parse --show-toplevel [1ms]
2026-04-24 01:50:24.395 [info] fatal: not a git repository (or any of the parent directories): .git
2026-04-24 01:50:24.400 [info] > git rev-parse --show-toplevel [1ms]
2026-04-24 01:50:24.400 [info] fatal: not a git repository (or any of the parent directories): .git
2026-04-24 01:50:24.405 [info] > git rev-parse --show-toplevel [1ms]
2026-04-24 01:50:24.405 [info] fatal: not a git repository (or any of the parent directories): .git
2026-04-24 01:50:24.411 [info] > git rev-parse --show-toplevel [1ms]
2026-04-24 01:50:24.411 [info] fatal: not a git repository (or any of the parent directories): .git
2026-04-24 01:50:24.417 [info] > git rev-parse --show-toplevel [1ms]
2026-04-24 01:50:24.417 [info] fatal: not a git repository (or any of the parent directories): .git
2026-04-24 01:50:24.422 [info] > git rev-parse --show-toplevel [1ms]
2026-04-24 01:50:24.422 [info] fatal: not a git repository (or any of the parent directories): .git
2026-04-24 01:50:24.427 [info] > git rev-parse --show-toplevel [1ms]
2026-04-24 01:50:24.427 [info] fatal: not a git repository (or any of the parent directories): .git
2026-04-24 01:50:24.433 [info] > git rev-parse --show-toplevel [1ms]
2026-04-24 01:50:24.433 [info] fatal: not a git repository (or any of the parent directories): .git
2026-04-24 01:50:24.438 [info] > git rev-parse --show-toplevel [1ms]
2026-04-24 01:50:24.438 [info] fatal: not a git repository (or any of the parent directories): .git
2026-04-24 01:50:24.443 [info] > git rev-parse --show-toplevel [1ms]
2026-04-24 01:50:24.443 [info] fatal: not a git repository (or any of the parent directories): .git
2026-04-24 01:50:24.448 [info] > git rev-parse --show-toplevel [1ms]
2026-04-24 01:50:24.448 [info] fatal: not a git repository (or any of the parent directories): .git
2026-04-24 01:50:24.450 [info] [Model][doInitialScan] Initial repository scan completed - repositories (0), closed repositories (0), parent repositories (0), unsafe repositories (0)
2026-04-24 01:50:24.456 [info] > git rev-parse --show-toplevel [1ms]
2026-04-24 01:50:24.456 [info] fatal: not a git repository (or any of the parent directories): .git
2026-04-24 01:50:24.462 [info] > git rev-parse --show-toplevel [1ms]
2026-04-24 01:50:24.462 [info] fatal: not a git repository (or any of the parent directories): .git
2026-04-24 01:50:24.467 [info] > git rev-parse --show-toplevel [1ms]
2026-04-24 01:50:24.467 [info] fatal: not a git repository (or any of the parent directories): .git
2026-04-24 01:50:24.472 [info] > git rev-parse --show-toplevel [1ms]
2026-04-24 01:50:24.472 [info] fatal: not a git repository (or any of the parent directories): .git
2026-04-24 01:50:24.494 [info] > git rev-parse --show-toplevel [1ms]
2026-04-24 01:50:24.494 [info] fatal: not a git repository (or any of the parent directories): .git
2026-04-24 01:50:24.609 [info] > git rev-parse --show-toplevel [1ms]
2026-04-24 01:50:24.609 [info] fatal: not a git repository (or any of the parent directories): .git
2026-04-24 01:50:24.680 [info] > git rev-parse --show-toplevel [1ms]
2026-04-24 01:50:24.680 [info] fatal: not a git repository (or any of the parent directories): .git
2026-04-24 01:50:25.285 [info] > git rev-parse --show-toplevel [1ms]
2026-04-24 01:50:25.285 [info] fatal: not a git repository (or any of the parent directories): .git
2026-04-24 01:50:36.630 [info] > git rev-parse --show-toplevel [1ms]
2026-04-24 01:50:36.630 [info] fatal: not a git repository (or any of the parent directories): .git
2026-04-24 01:52:23.096 [info] > git rev-parse --show-toplevel [28ms]
2026-04-24 01:52:23.096 [info] fatal: not a git repository (or any of the parent directories): .git
2026-04-24 01:55:11.292 [info] > git rev-parse --show-toplevel [1ms]
2026-04-24 01:55:11.292 [info] fatal: not a git repository (or any of the parent directories): .git
2026-04-24 01:55:40.674 [info] > git rev-parse --show-toplevel [1ms]
2026-04-24 01:55:40.674 [info] fatal: not a git repository (or any of the parent directories): .git
