2026-04-24 01:29:22.990 [info] Extension host with pid 26254 started
2026-04-24 01:29:22.990 [info] Skipping acquiring lock for /home/otter/.config/Code/User/workspaceStorage/f1894f04beb5ba99b09ba39df3aa1e1b.
2026-04-24 01:29:23.312 [info] ExtensionService#_doActivateExtension vscode.github-authentication, startup: false, activationEvent: 'onAuthenticationRequest:github'
2026-04-24 01:29:23.332 [info] ExtensionService#_doActivateExtension vscode.emmet, startup: false, activationEvent: 'onLanguage'
2026-04-24 01:29:23.344 [info] ExtensionService#_doActivateExtension jnoortheen.nix-ide, startup: false, activationEvent: 'onLanguage:nix'
2026-04-24 01:29:23.608 [info] ExtensionService#_doActivateExtension vscode.terminal-suggest, startup: false, activationEvent: 'onTerminalShellIntegration:*'
2026-04-24 01:29:23.776 [info] ExtensionService#_doActivateExtension vscode.git-base, startup: true, activationEvent: '*', root cause: vscode.git
2026-04-24 01:29:23.865 [info] ExtensionService#_doActivateExtension vscode.git, startup: true, activationEvent: '*'
2026-04-24 01:29:23.904 [info] ExtensionService#_doActivateExtension vscode.github, startup: true, activationEvent: '*'
2026-04-24 01:29:23.987 [info] Eager extensions activated
2026-04-24 01:29:23.988 [info] ExtensionService#_doActivateExtension vscode.debug-auto-launch, startup: false, activationEvent: 'onStartupFinished'
2026-04-24 01:29:23.989 [info] ExtensionService#_doActivateExtension vscode.merge-conflict, startup: false, activationEvent: 'onStartupFinished'
2026-04-24 01:29:24.002 [info] ExtensionService#_doActivateExtension PKief.material-icon-theme, startup: false, activationEvent: 'onStartupFinished'
2026-04-24 01:29:39.976 [info] ExtensionService#_doActivateExtension vscode.npm, startup: false, activationEvent: 'onTerminalQuickFixRequest:ms-vscode.npm-command'
2026-04-24 01:33:02.537 [info] ExtensionService#_doActivateExtension vscode.css-language-features, startup: false, activationEvent: 'onLanguage:css'
2026-04-24 01:49:36.611 [info] ExtensionService#_doActivateExtension vscode.configuration-editing, startup: false, activationEvent: 'onLanguage:json'
2026-04-24 01:49:36.619 [info] ExtensionService#_doActivateExtension vscode.extension-editing, startup: false, activationEvent: 'onLanguage:json'
2026-04-24 01:49:36.631 [info] ExtensionService#_doActivateExtension vscode.json-language-features, startup: false, activationEvent: 'onLanguage:json'
2026-04-24 01:50:03.276 [info] Extension host terminating: received terminate message from renderer
2026-04-24 01:50:03.288 [error] TypeError: Cannot read properties of undefined (reading 'dispose')
	at B4 (/home/otter/.vscode/extensions/jnoortheen.nix-ide-0.5.5/dist/extension.js:44:46086)
	at Object.yO (/home/otter/.vscode/extensions/jnoortheen.nix-ide-0.5.5/dist/extension.js:44:49262)
	at uP._deactivate (file:///nix/store/dmjhwvjiaycdsnqp31hn930f6il0pkjm-vscode-1.116.0/lib/vscode/resources/app/out/vs/workbench/api/node/extensionHostProcess.js:505:14479)
	at file:///nix/store/dmjhwvjiaycdsnqp31hn930f6il0pkjm-vscode-1.116.0/lib/vscode/resources/app/out/vs/workbench/api/node/extensionHostProcess.js:505:12006
	at Array.map (<anonymous>)
	at uP._deactivateAll (file:///nix/store/dmjhwvjiaycdsnqp31hn930f6il0pkjm-vscode-1.116.0/lib/vscode/resources/app/out/vs/workbench/api/node/extensionHostProcess.js:505:11994)
	at uP.terminate (file:///nix/store/dmjhwvjiaycdsnqp31hn930f6il0pkjm-vscode-1.116.0/lib/vscode/resources/app/out/vs/workbench/api/node/extensionHostProcess.js:505:12345)
	at i.terminate (file:///nix/store/dmjhwvjiaycdsnqp31hn930f6il0pkjm-vscode-1.116.0/lib/vscode/resources/app/out/vs/workbench/api/node/extensionHostProcess.js:507:1072)
	at js (file:///nix/store/dmjhwvjiaycdsnqp31hn930f6il0pkjm-vscode-1.116.0/lib/vscode/resources/app/out/vs/workbench/api/node/extensionHostProcess.js:831:11700)
	at rp.value (file:///nix/store/dmjhwvjiaycdsnqp31hn930f6il0pkjm-vscode-1.116.0/lib/vscode/resources/app/out/vs/workbench/api/node/extensionHostProcess.js:831:9847)
	at E._deliver (file:///nix/store/dmjhwvjiaycdsnqp31hn930f6il0pkjm-vscode-1.116.0/lib/vscode/resources/app/out/vs/workbench/api/node/extensionHostProcess.js:403:3043)
	at E.fire (file:///nix/store/dmjhwvjiaycdsnqp31hn930f6il0pkjm-vscode-1.116.0/lib/vscode/resources/app/out/vs/workbench/api/node/extensionHostProcess.js:403:3361)
	at as.fire (file:///nix/store/dmjhwvjiaycdsnqp31hn930f6il0pkjm-vscode-1.116.0/lib/vscode/resources/app/out/vs/workbench/api/node/extensionHostProcess.js:405:8437)
	at MessagePortMain.<anonymous> (file:///nix/store/dmjhwvjiaycdsnqp31hn930f6il0pkjm-vscode-1.116.0/lib/vscode/resources/app/out/vs/workbench/api/node/extensionHostProcess.js:831:8082)
	at MessagePortMain.emit (node:events:519:28)
	at MessagePortMain._internalPort.emit (node:electron/js2c/utility_init:2:2959)
2026-04-24 01:50:03.289 [info] Extension host with pid 26254 exiting with code 0
2026-04-24 01:50:03.818 [info] Extension host with pid 40093 started
2026-04-24 01:50:03.818 [info] Skipping acquiring lock for /home/otter/.config/Code/User/workspaceStorage/b1d9bbdbba16eef924cdacabbc9ad4f8.
2026-04-24 01:50:03.835 [info] ExtensionService#_doActivateExtension vscode.terminal-suggest, startup: false, activationEvent: 'onTerminalShellIntegration:*'
2026-04-24 01:50:03.882 [info] ExtensionService#_doActivateExtension vscode.emmet, startup: false, activationEvent: 'onLanguage'
2026-04-24 01:50:03.895 [info] ExtensionService#_doActivateExtension jnoortheen.nix-ide, startup: false, activationEvent: 'onLanguage:nix'
2026-04-24 01:50:03.929 [info] ExtensionService#_doActivateExtension vscode.github-authentication, startup: false, activationEvent: 'onAuthenticationRequest:github'
2026-04-24 01:50:03.945 [info] ExtensionService#_doActivateExtension vscode.npm, startup: false, activationEvent: 'onTerminalQuickFixRequest:ms-vscode.npm-command'
2026-04-24 01:50:03.964 [info] ExtensionService#_doActivateExtension vscode.css-language-features, startup: false, activationEvent: 'onLanguage:css'
2026-04-24 01:50:04.012 [info] ExtensionService#_doActivateExtension vscode.configuration-editing, startup: false, activationEvent: 'onLanguage:json'
2026-04-24 01:50:04.018 [info] ExtensionService#_doActivateExtension vscode.extension-editing, startup: false, activationEvent: 'onLanguage:json'
2026-04-24 01:50:04.028 [info] ExtensionService#_doActivateExtension vscode.json-language-features, startup: false, activationEvent: 'onLanguage:json'
2026-04-24 01:50:04.078 [info] ExtensionService#_doActivateExtension vscode.typescript-language-features, startup: false, activationEvent: 'onLanguage:jsonc'
2026-04-24 01:50:04.405 [info] ExtensionService#_doActivateExtension vscode.git-base, startup: true, activationEvent: '*', root cause: vscode.git
2026-04-24 01:50:04.408 [info] ExtensionService#_doActivateExtension vscode.git, startup: true, activationEvent: '*'
2026-04-24 01:50:04.443 [info] ExtensionService#_doActivateExtension vscode.github, startup: true, activationEvent: '*'
2026-04-24 01:50:04.570 [info] Eager extensions activated
2026-04-24 01:50:04.576 [info] ExtensionService#_doActivateExtension vscode.debug-auto-launch, startup: false, activationEvent: 'onStartupFinished'
2026-04-24 01:50:04.578 [info] ExtensionService#_doActivateExtension vscode.merge-conflict, startup: false, activationEvent: 'onStartupFinished'
2026-04-24 01:50:04.591 [info] ExtensionService#_doActivateExtension PKief.material-icon-theme, startup: false, activationEvent: 'onStartupFinished'
2026-04-24 01:50:12.312 [info] Extension host terminating: received terminate message from renderer
2026-04-24 01:50:12.331 [error] TypeError: Cannot read properties of undefined (reading 'dispose')
	at B4 (/home/otter/.vscode/extensions/jnoortheen.nix-ide-0.5.5/dist/extension.js:44:46086)
	at Object.yO (/home/otter/.vscode/extensions/jnoortheen.nix-ide-0.5.5/dist/extension.js:44:49262)
	at uP._deactivate (file:///nix/store/dmjhwvjiaycdsnqp31hn930f6il0pkjm-vscode-1.116.0/lib/vscode/resources/app/out/vs/workbench/api/node/extensionHostProcess.js:505:14479)
	at file:///nix/store/dmjhwvjiaycdsnqp31hn930f6il0pkjm-vscode-1.116.0/lib/vscode/resources/app/out/vs/workbench/api/node/extensionHostProcess.js:505:12006
	at Array.map (<anonymous>)
	at uP._deactivateAll (file:///nix/store/dmjhwvjiaycdsnqp31hn930f6il0pkjm-vscode-1.116.0/lib/vscode/resources/app/out/vs/workbench/api/node/extensionHostProcess.js:505:11994)
	at uP.terminate (file:///nix/store/dmjhwvjiaycdsnqp31hn930f6il0pkjm-vscode-1.116.0/lib/vscode/resources/app/out/vs/workbench/api/node/extensionHostProcess.js:505:12345)
	at i.terminate (file:///nix/store/dmjhwvjiaycdsnqp31hn930f6il0pkjm-vscode-1.116.0/lib/vscode/resources/app/out/vs/workbench/api/node/extensionHostProcess.js:507:1072)
	at js (file:///nix/store/dmjhwvjiaycdsnqp31hn930f6il0pkjm-vscode-1.116.0/lib/vscode/resources/app/out/vs/workbench/api/node/extensionHostProcess.js:831:11700)
	at rp.value (file:///nix/store/dmjhwvjiaycdsnqp31hn930f6il0pkjm-vscode-1.116.0/lib/vscode/resources/app/out/vs/workbench/api/node/extensionHostProcess.js:831:9847)
	at E._deliver (file:///nix/store/dmjhwvjiaycdsnqp31hn930f6il0pkjm-vscode-1.116.0/lib/vscode/resources/app/out/vs/workbench/api/node/extensionHostProcess.js:403:3043)
	at E.fire (file:///nix/store/dmjhwvjiaycdsnqp31hn930f6il0pkjm-vscode-1.116.0/lib/vscode/resources/app/out/vs/workbench/api/node/extensionHostProcess.js:403:3361)
	at as.fire (file:///nix/store/dmjhwvjiaycdsnqp31hn930f6il0pkjm-vscode-1.116.0/lib/vscode/resources/app/out/vs/workbench/api/node/extensionHostProcess.js:405:8437)
	at MessagePortMain.<anonymous> (file:///nix/store/dmjhwvjiaycdsnqp31hn930f6il0pkjm-vscode-1.116.0/lib/vscode/resources/app/out/vs/workbench/api/node/extensionHostProcess.js:831:8082)
	at MessagePortMain.emit (node:events:519:28)
	at MessagePortMain._internalPort.emit (node:electron/js2c/utility_init:2:2959)
2026-04-24 01:50:12.332 [info] Extension host with pid 40093 exiting with code 0
